<?xml version="1.0" encoding="UTF-8"?>
<robot generator="Robot 3.2.2 (Python 3.7.9 on win32)" generated="20210722 17:29:20.018" rpa="false">
<suite id="s1" name="Gui" source="C:\cortx-test\robot_gui\testsuites\gui">
<suite id="s1-s1" name="Csm Users" source="C:\cortx-test\robot_gui\testsuites\gui\csm_users">
<suite id="s1-s1-s1" name="Csm Manage User" source="C:\cortx-test\robot_gui\testsuites\gui\csm_users\csm_manage_user.robot">
<test id="s1-s1-s1-t1" name="TEST-23889">
<kw name="CSM GUI Login" library="loginPage" type="setup">
<doc>This keyword is used to login to CSM GUI.</doc>
<arguments>
<arg>${url}</arg>
<arg>${browser}</arg>
<arg>${headless}</arg>
<arg>${username}</arg>
<arg>${password}</arg>
</arguments>
<kw name="Run Keyword If" library="BuiltIn">
<doc>Runs the given keyword with the given arguments, if ``condition`` is true.</doc>
<arguments>
<arg>${headless} == True</arg>
<arg>Open URL In Headless</arg>
<arg>${url}</arg>
<arg>${browser}</arg>
<arg>ELSE</arg>
<arg>Open URL</arg>
<arg>${url}</arg>
<arg>${browser}</arg>
</arguments>
<kw name="Open URL" library="loginPage">
<doc>Test keyword is for opening the URL in the browser, with specific options.</doc>
<arguments>
<arg>${url}</arg>
<arg>${browser}</arg>
</arguments>
<kw name="Open Browser" library="SeleniumLibrary">
<doc>Opens a new browser instance to the optional ``url``.</doc>
<arguments>
<arg>${url}</arg>
<arg>${browser}</arg>
<arg>options=add_argument('--ignore-ssl-errors');add_argument('--ignore-certificate-errors')</arg>
</arguments>
<msg timestamp="20210722 17:29:20.675" level="INFO">Opening browser 'chrome' to base url 'https://10.230.242.46/#/'.</msg>
<status status="PASS" starttime="20210722 17:29:20.675" endtime="20210722 17:29:52.908"></status>
</kw>
<kw name="Maximize Browser Window" library="SeleniumLibrary">
<doc>Maximizes current browser window.</doc>
<status status="PASS" starttime="20210722 17:29:52.908" endtime="20210722 17:29:53.060"></status>
</kw>
<status status="PASS" starttime="20210722 17:29:20.675" endtime="20210722 17:29:53.060"></status>
</kw>
<status status="PASS" starttime="20210722 17:29:20.675" endtime="20210722 17:29:53.060"></status>
</kw>
<kw name="Enter Username And Password" library="loginPage">
<doc>Test keyword is for entering the username and password on login form.</doc>
<arguments>
<arg>${username}</arg>
<arg>${password}</arg>
</arguments>
<kw name="Input Text" library="SeleniumLibrary">
<doc>Types the given ``text`` into the text field identified by ``locator``.</doc>
<arguments>
<arg>${csm username id}</arg>
<arg>${username}</arg>
</arguments>
<msg timestamp="20210722 17:29:53.060" level="INFO">Typing text 'admin' into text field 'username'.</msg>
<status status="PASS" starttime="20210722 17:29:53.060" endtime="20210722 17:29:53.140"></status>
</kw>
<kw name="Input Password" library="SeleniumLibrary">
<doc>Types the given password into the text field identified by ``locator``.</doc>
<arguments>
<arg>${csm password id}</arg>
<arg>${password}</arg>
</arguments>
<msg timestamp="20210722 17:29:53.140" level="INFO">Typing password into text field 'password'.</msg>
<msg timestamp="20210722 17:29:53.180" level="INFO">Temporally setting log level to: NONE</msg>
<msg timestamp="20210722 17:29:53.225" level="INFO">Log level changed from NONE to INFO.</msg>
<status status="PASS" starttime="20210722 17:29:53.140" endtime="20210722 17:29:53.225"></status>
</kw>
<status status="PASS" starttime="20210722 17:29:53.060" endtime="20210722 17:29:53.225"></status>
</kw>
<kw name="Click Sigin Button" library="loginPage">
<doc>This keyword is for entering the username and password on login form.</doc>
<kw name="Wait Until Element Is Visible" library="SeleniumLibrary">
<doc>Waits until the element ``locator`` is visible.</doc>
<arguments>
<arg>${signin_button_id}</arg>
<arg>timeout=30</arg>
</arguments>
<status status="PASS" starttime="20210722 17:29:53.226" endtime="20210722 17:29:53.244"></status>
</kw>
<kw name="Click Button" library="SeleniumLibrary">
<doc>Clicks the button identified by ``locator``.</doc>
<arguments>
<arg>${signin_button_id}</arg>
</arguments>
<msg timestamp="20210722 17:29:53.244" level="INFO">Clicking button 'login-userbtn'.</msg>
<status status="PASS" starttime="20210722 17:29:53.244" endtime="20210722 17:29:53.292"></status>
</kw>
<kw name="Sleep" library="BuiltIn">
<doc>Pauses the test executed for the given time.</doc>
<arguments>
<arg>5s</arg>
</arguments>
<msg timestamp="20210722 17:29:58.295" level="INFO">Slept 5 seconds</msg>
<status status="PASS" starttime="20210722 17:29:53.292" endtime="20210722 17:29:58.295"></status>
</kw>
<status status="PASS" starttime="20210722 17:29:53.225" endtime="20210722 17:29:58.295"></status>
</kw>
<kw name="Sleep" library="BuiltIn">
<doc>Pauses the test executed for the given time.</doc>
<arguments>
<arg>5s</arg>
</arguments>
<msg timestamp="20210722 17:30:03.308" level="INFO">Slept 5 seconds</msg>
<status status="PASS" starttime="20210722 17:29:58.295" endtime="20210722 17:30:03.308"></status>
</kw>
<kw name="Log To Console And Report" library="common">
<doc>This Keyword is for logging the same string to console and report.</doc>
<arguments>
<arg>Waiting for receiving GUI response...</arg>
</arguments>
<kw name="Log" library="BuiltIn">
<doc>Logs the given message with the given level.</doc>
<arguments>
<arg>${log_message}</arg>
</arguments>
<msg timestamp="20210722 17:30:03.308" level="INFO">Waiting for receiving GUI response...</msg>
<status status="PASS" starttime="20210722 17:30:03.308" endtime="20210722 17:30:03.308"></status>
</kw>
<kw name="Log To Console" library="BuiltIn">
<doc>Logs the given message to the console.</doc>
<arguments>
<arg>${\n}${log_message}</arg>
</arguments>
<status status="PASS" starttime="20210722 17:30:03.308" endtime="20210722 17:30:03.308"></status>
</kw>
<status status="PASS" starttime="20210722 17:30:03.308" endtime="20210722 17:30:03.308"></status>
</kw>
<status status="PASS" starttime="20210722 17:29:20.675" endtime="20210722 17:30:03.308"></status>
</kw>
<kw name="Create and login with CSM manage user">
<doc>This keyword is to create and login with csm manage user</doc>
<assign>
<var>${new_user_name}</var>
<var>${new_password}</var>
</assign>
<kw name="Generate New User Name" library="common">
<doc>Functionality to generate new user name</doc>
<assign>
<var>${new_user_name}</var>
</assign>
<kw name="Get Current Date" library="DateTime">
<doc>Returns current local or UTC time with an optional increment.</doc>
<assign>
<var>${str}</var>
</assign>
<msg timestamp="20210722 17:30:03.308" level="INFO">${str} = 2021-07-22 17:30:03.308</msg>
<status status="PASS" starttime="20210722 17:30:03.308" endtime="20210722 17:30:03.308"></status>
</kw>
<kw name="Replace String" library="String">
<doc>Replaces ``search_for`` in the given ``string`` with ``replace_with``.</doc>
<arguments>
<arg>${str}</arg>
<arg>:</arg>
<arg>${EMPTY}</arg>
</arguments>
<assign>
<var>${str}</var>
</assign>
<msg timestamp="20210722 17:30:03.308" level="INFO">${str} = 2021-07-22 173003.308</msg>
<status status="PASS" starttime="20210722 17:30:03.308" endtime="20210722 17:30:03.308"></status>
</kw>
<kw name="Replace String" library="String">
<doc>Replaces ``search_for`` in the given ``string`` with ``replace_with``.</doc>
<arguments>
<arg>${str}</arg>
<arg>.</arg>
<arg>${EMPTY}</arg>
</arguments>
<assign>
<var>${str}</var>
</assign>
<msg timestamp="20210722 17:30:03.308" level="INFO">${str} = 2021-07-22 173003308</msg>
<status status="PASS" starttime="20210722 17:30:03.308" endtime="20210722 17:30:03.308"></status>
</kw>
<kw name="Replace String" library="String">
<doc>Replaces ``search_for`` in the given ``string`` with ``replace_with``.</doc>
<arguments>
<arg>${str}</arg>
<arg>-</arg>
<arg>${EMPTY}</arg>
</arguments>
<assign>
<var>${str}</var>
</assign>
<msg timestamp="20210722 17:30:03.308" level="INFO">${str} = 20210722 173003308</msg>
<status status="PASS" starttime="20210722 17:30:03.308" endtime="20210722 17:30:03.308"></status>
</kw>
<kw name="Replace String" library="String">
<doc>Replaces ``search_for`` in the given ``string`` with ``replace_with``.</doc>
<arguments>
<arg>${str}</arg>
<arg>${space}</arg>
<arg>${EMPTY}</arg>
</arguments>
<assign>
<var>${str}</var>
</assign>
<msg timestamp="20210722 17:30:03.308" level="INFO">${str} = 20210722173003308</msg>
<status status="PASS" starttime="20210722 17:30:03.308" endtime="20210722 17:30:03.308"></status>
</kw>
<kw name="Catenate" library="BuiltIn">
<doc>Catenates the given items together and returns the resulted string.</doc>
<arguments>
<arg>SEPARATOR=</arg>
<arg>testuser</arg>
<arg>${str}</arg>
</arguments>
<assign>
<var>${str}</var>
</assign>
<msg timestamp="20210722 17:30:03.308" level="INFO">${str} = testuser20210722173003308</msg>
<status status="PASS" starttime="20210722 17:30:03.308" endtime="20210722 17:30:03.308"></status>
</kw>
<msg timestamp="20210722 17:30:03.308" level="INFO">${new_user_name} = testuser20210722173003308</msg>
<status status="PASS" starttime="20210722 17:30:03.308" endtime="20210722 17:30:03.308"></status>
</kw>
<kw name="Generate New Password" library="common">
<doc>Functionality to generate valid password</doc>
<assign>
<var>${new_password}</var>
</assign>
<kw name="Generate Random String" library="String">
<doc>Generates a string with a desired ``length`` from the given ``chars``.</doc>
<arguments>
<arg>2</arg>
<arg>[UPPER]</arg>
</arguments>
<assign>
<var>${upper_case}</var>
</assign>
<msg timestamp="20210722 17:30:03.308" level="INFO">${upper_case} = NB</msg>
<status status="PASS" starttime="20210722 17:30:03.308" endtime="20210722 17:30:03.308"></status>
</kw>
<kw name="Generate Random String" library="String">
<doc>Generates a string with a desired ``length`` from the given ``chars``.</doc>
<arguments>
<arg>2</arg>
<arg>[LOWER]</arg>
</arguments>
<assign>
<var>${lower_case}</var>
</assign>
<msg timestamp="20210722 17:30:03.308" level="INFO">${lower_case} = op</msg>
<status status="PASS" starttime="20210722 17:30:03.308" endtime="20210722 17:30:03.308"></status>
</kw>
<kw name="Generate Random String" library="String">
<doc>Generates a string with a desired ``length`` from the given ``chars``.</doc>
<arguments>
<arg>2</arg>
<arg>[NUMBERS]</arg>
</arguments>
<assign>
<var>${numbers}</var>
</assign>
<msg timestamp="20210722 17:30:03.308" level="INFO">${numbers} = 68</msg>
<status status="PASS" starttime="20210722 17:30:03.308" endtime="20210722 17:30:03.308"></status>
</kw>
<kw name="Generate Random String" library="String">
<doc>Generates a string with a desired ``length`` from the given ``chars``.</doc>
<arguments>
<arg>2</arg>
<arg>!@#$%^&amp;*()</arg>
</arguments>
<assign>
<var>${special_char}</var>
</assign>
<msg timestamp="20210722 17:30:03.308" level="INFO">${special_char} = !*</msg>
<status status="PASS" starttime="20210722 17:30:03.308" endtime="20210722 17:30:03.308"></status>
</kw>
<kw name="Catenate" library="BuiltIn">
<doc>Catenates the given items together and returns the resulted string.</doc>
<arguments>
<arg>SEPARATOR=</arg>
<arg>${upper_case}</arg>
<arg>${lower_case}</arg>
<arg>${numbers}</arg>
<arg>${special_char}</arg>
</arguments>
<assign>
<var>${password}</var>
</assign>
<msg timestamp="20210722 17:30:03.308" level="INFO">${password} = NBop68!*</msg>
<status status="PASS" starttime="20210722 17:30:03.308" endtime="20210722 17:30:03.308"></status>
</kw>
<kw name="Log To Console And Report" library="common">
<doc>This Keyword is for logging the same string to console and report.</doc>
<arguments>
<arg>${password}</arg>
</arguments>
<kw name="Log" library="BuiltIn">
<doc>Logs the given message with the given level.</doc>
<arguments>
<arg>${log_message}</arg>
</arguments>
<msg timestamp="20210722 17:30:03.308" level="INFO">NBop68!*</msg>
<status status="PASS" starttime="20210722 17:30:03.308" endtime="20210722 17:30:03.308"></status>
</kw>
<kw name="Log To Console" library="BuiltIn">
<doc>Logs the given message to the console.</doc>
<arguments>
<arg>${\n}${log_message}</arg>
</arguments>
<status status="PASS" starttime="20210722 17:30:03.308" endtime="20210722 17:30:03.308"></status>
</kw>
<status status="PASS" starttime="20210722 17:30:03.308" endtime="20210722 17:30:03.308"></status>
</kw>
<msg timestamp="20210722 17:30:03.308" level="INFO">${new_password} = NBop68!*</msg>
<status status="PASS" starttime="20210722 17:30:03.308" endtime="20210722 17:30:03.308"></status>
</kw>
<kw name="Navigate To Page" library="common">
<doc>This Keyword is for navigating to certain page</doc>
<arguments>
<arg>${page_name}</arg>
</arguments>
<kw name="Log To Console And Report" library="common">
<doc>This Keyword is for logging the same string to console and report.</doc>
<arguments>
<arg>Navigating to ${page_name}</arg>
</arguments>
<kw name="Log" library="BuiltIn">
<doc>Logs the given message with the given level.</doc>
<arguments>
<arg>${log_message}</arg>
</arguments>
<msg timestamp="20210722 17:30:03.308" level="INFO">Navigating to MANAGE_MENU_ID</msg>
<status status="PASS" starttime="20210722 17:30:03.308" endtime="20210722 17:30:03.308"></status>
</kw>
<kw name="Log To Console" library="BuiltIn">
<doc>Logs the given message to the console.</doc>
<arguments>
<arg>${\n}${log_message}</arg>
</arguments>
<status status="PASS" starttime="20210722 17:30:03.308" endtime="20210722 17:30:03.308"></status>
</kw>
<status status="PASS" starttime="20210722 17:30:03.308" endtime="20210722 17:30:03.308"></status>
</kw>
<kw name="Wait Until Element Is Visible" library="SeleniumLibrary">
<doc>Waits until the element ``locator`` is visible.</doc>
<arguments>
<arg>${${page_name}}</arg>
<arg>timeout=60</arg>
</arguments>
<status status="PASS" starttime="20210722 17:30:03.308" endtime="20210722 17:30:03.339"></status>
</kw>
<kw name="wait for page or element to load" library="common">
<doc>This keyword is to wait for page or element to wait for provided time.</doc>
<kw name="Sleep" library="BuiltIn">
<doc>Pauses the test executed for the given time.</doc>
<arguments>
<arg>${time}</arg>
</arguments>
<msg timestamp="20210722 17:30:08.342" level="INFO">Slept 5 seconds</msg>
<status status="PASS" starttime="20210722 17:30:03.339" endtime="20210722 17:30:08.342"></status>
</kw>
<status status="PASS" starttime="20210722 17:30:03.339" endtime="20210722 17:30:08.342"></status>
</kw>
<kw name="Click Element" library="SeleniumLibrary">
<doc>Click the element identified by ``locator``.</doc>
<arguments>
<arg>${${page_name}}</arg>
</arguments>
<msg timestamp="20210722 17:30:08.342" level="INFO">Clicking element 'Manage'.</msg>
<status status="PASS" starttime="20210722 17:30:08.342" endtime="20210722 17:30:08.462"></status>
</kw>
<kw name="wait for page or element to load" library="common">
<doc>This keyword is to wait for page or element to wait for provided time.</doc>
<kw name="Sleep" library="BuiltIn">
<doc>Pauses the test executed for the given time.</doc>
<arguments>
<arg>${time}</arg>
</arguments>
<msg timestamp="20210722 17:30:13.469" level="INFO">Slept 5 seconds</msg>
<status status="PASS" starttime="20210722 17:30:08.462" endtime="20210722 17:30:13.469"></status>
</kw>
<status status="PASS" starttime="20210722 17:30:08.462" endtime="20210722 17:30:13.469"></status>
</kw>
<kw name="Convert To Boolean" library="BuiltIn">
<doc>Converts the given item to Boolean true or false.</doc>
<arguments>
<arg>${sub_page}</arg>
</arguments>
<assign>
<var>${value}</var>
</assign>
<msg timestamp="20210722 17:30:13.469" level="INFO">${value} = False</msg>
<status status="PASS" starttime="20210722 17:30:13.469" endtime="20210722 17:30:13.469"></status>
</kw>
<kw name="Run Keyword If" library="BuiltIn">
<doc>Runs the given keyword with the given arguments, if ``condition`` is true.</doc>
<arguments>
<arg>${value}</arg>
<arg>Click Element</arg>
<arg>${${sub_page}}</arg>
</arguments>
<status status="PASS" starttime="20210722 17:30:13.469" endtime="20210722 17:30:13.469"></status>
</kw>
<status status="PASS" starttime="20210722 17:30:03.308" endtime="20210722 17:30:13.469"></status>
</kw>
<kw name="wait for page or element to load" library="common">
<doc>This keyword is to wait for page or element to wait for provided time.</doc>
<kw name="Sleep" library="BuiltIn">
<doc>Pauses the test executed for the given time.</doc>
<arguments>
<arg>${time}</arg>
</arguments>
<msg timestamp="20210722 17:30:18.476" level="INFO">Slept 5 seconds</msg>
<status status="PASS" starttime="20210722 17:30:13.469" endtime="20210722 17:30:18.476"></status>
</kw>
<status status="PASS" starttime="20210722 17:30:13.469" endtime="20210722 17:30:18.476"></status>
</kw>
<kw name="Create New CSM User" library="userSettingsLocalPage">
<doc>Functionality to create new user</doc>
<arguments>
<arg>${new_user_name}</arg>
<arg>${new_password}</arg>
<arg>manage</arg>
</arguments>
<kw name="Generate New User Email" library="common">
<doc>Functionality to generate new user email</doc>
<assign>
<var>${email}</var>
</assign>
<kw name="Generate New User Name" library="common">
<doc>Functionality to generate new user name</doc>
<assign>
<var>${name}</var>
</assign>
<kw name="Get Current Date" library="DateTime">
<doc>Returns current local or UTC time with an optional increment.</doc>
<assign>
<var>${str}</var>
</assign>
<msg timestamp="20210722 17:30:18.476" level="INFO">${str} = 2021-07-22 17:30:18.476</msg>
<status status="PASS" starttime="20210722 17:30:18.476" endtime="20210722 17:30:18.476"></status>
</kw>
<kw name="Replace String" library="String">
<doc>Replaces ``search_for`` in the given ``string`` with ``replace_with``.</doc>
<arguments>
<arg>${str}</arg>
<arg>:</arg>
<arg>${EMPTY}</arg>
</arguments>
<assign>
<var>${str}</var>
</assign>
<msg timestamp="20210722 17:30:18.476" level="INFO">${str} = 2021-07-22 173018.476</msg>
<status status="PASS" starttime="20210722 17:30:18.476" endtime="20210722 17:30:18.476"></status>
</kw>
<kw name="Replace String" library="String">
<doc>Replaces ``search_for`` in the given ``string`` with ``replace_with``.</doc>
<arguments>
<arg>${str}</arg>
<arg>.</arg>
<arg>${EMPTY}</arg>
</arguments>
<assign>
<var>${str}</var>
</assign>
<msg timestamp="20210722 17:30:18.476" level="INFO">${str} = 2021-07-22 173018476</msg>
<status status="PASS" starttime="20210722 17:30:18.476" endtime="20210722 17:30:18.476"></status>
</kw>
<kw name="Replace String" library="String">
<doc>Replaces ``search_for`` in the given ``string`` with ``replace_with``.</doc>
<arguments>
<arg>${str}</arg>
<arg>-</arg>
<arg>${EMPTY}</arg>
</arguments>
<assign>
<var>${str}</var>
</assign>
<msg timestamp="20210722 17:30:18.476" level="INFO">${str} = 20210722 173018476</msg>
<status status="PASS" starttime="20210722 17:30:18.476" endtime="20210722 17:30:18.476"></status>
</kw>
<kw name="Replace String" library="String">
<doc>Replaces ``search_for`` in the given ``string`` with ``replace_with``.</doc>
<arguments>
<arg>${str}</arg>
<arg>${space}</arg>
<arg>${EMPTY}</arg>
</arguments>
<assign>
<var>${str}</var>
</assign>
<msg timestamp="20210722 17:30:18.476" level="INFO">${str} = 20210722173018476</msg>
<status status="PASS" starttime="20210722 17:30:18.476" endtime="20210722 17:30:18.476"></status>
</kw>
<kw name="Catenate" library="BuiltIn">
<doc>Catenates the given items together and returns the resulted string.</doc>
<arguments>
<arg>SEPARATOR=</arg>
<arg>testuser</arg>
<arg>${str}</arg>
</arguments>
<assign>
<var>${str}</var>
</assign>
<msg timestamp="20210722 17:30:18.476" level="INFO">${str} = testuser20210722173018476</msg>
<status status="PASS" starttime="20210722 17:30:18.476" endtime="20210722 17:30:18.476"></status>
</kw>
<msg timestamp="20210722 17:30:18.476" level="INFO">${name} = testuser20210722173018476</msg>
<status status="PASS" starttime="20210722 17:30:18.476" endtime="20210722 17:30:18.476"></status>
</kw>
<kw name="Catenate" library="BuiltIn">
<doc>Catenates the given items together and returns the resulted string.</doc>
<arguments>
<arg>SEPARATOR=</arg>
<arg>${name}</arg>
<arg>@seagate.com</arg>
</arguments>
<assign>
<var>${email}</var>
</assign>
<msg timestamp="20210722 17:30:18.476" level="INFO">${email} = testuser20210722173018476@seagate.com</msg>
<status status="PASS" starttime="20210722 17:30:18.476" endtime="20210722 17:30:18.476"></status>
</kw>
<msg timestamp="20210722 17:30:18.476" level="INFO">${email} = testuser20210722173018476@seagate.com</msg>
<status status="PASS" starttime="20210722 17:30:18.476" endtime="20210722 17:30:18.476"></status>
</kw>
<kw name="Generate New Password" library="common">
<doc>Functionality to generate valid password</doc>
<assign>
<var>${temp}</var>
</assign>
<kw name="Generate Random String" library="String">
<doc>Generates a string with a desired ``length`` from the given ``chars``.</doc>
<arguments>
<arg>2</arg>
<arg>[UPPER]</arg>
</arguments>
<assign>
<var>${upper_case}</var>
</assign>
<msg timestamp="20210722 17:30:18.491" level="INFO">${upper_case} = SC</msg>
<status status="PASS" starttime="20210722 17:30:18.491" endtime="20210722 17:30:18.491"></status>
</kw>
<kw name="Generate Random String" library="String">
<doc>Generates a string with a desired ``length`` from the given ``chars``.</doc>
<arguments>
<arg>2</arg>
<arg>[LOWER]</arg>
</arguments>
<assign>
<var>${lower_case}</var>
</assign>
<msg timestamp="20210722 17:30:18.491" level="INFO">${lower_case} = iz</msg>
<status status="PASS" starttime="20210722 17:30:18.491" endtime="20210722 17:30:18.491"></status>
</kw>
<kw name="Generate Random String" library="String">
<doc>Generates a string with a desired ``length`` from the given ``chars``.</doc>
<arguments>
<arg>2</arg>
<arg>[NUMBERS]</arg>
</arguments>
<assign>
<var>${numbers}</var>
</assign>
<msg timestamp="20210722 17:30:18.491" level="INFO">${numbers} = 62</msg>
<status status="PASS" starttime="20210722 17:30:18.491" endtime="20210722 17:30:18.491"></status>
</kw>
<kw name="Generate Random String" library="String">
<doc>Generates a string with a desired ``length`` from the given ``chars``.</doc>
<arguments>
<arg>2</arg>
<arg>!@#$%^&amp;*()</arg>
</arguments>
<assign>
<var>${special_char}</var>
</assign>
<msg timestamp="20210722 17:30:18.491" level="INFO">${special_char} = (!</msg>
<status status="PASS" starttime="20210722 17:30:18.491" endtime="20210722 17:30:18.491"></status>
</kw>
<kw name="Catenate" library="BuiltIn">
<doc>Catenates the given items together and returns the resulted string.</doc>
<arguments>
<arg>SEPARATOR=</arg>
<arg>${upper_case}</arg>
<arg>${lower_case}</arg>
<arg>${numbers}</arg>
<arg>${special_char}</arg>
</arguments>
<assign>
<var>${password}</var>
</assign>
<msg timestamp="20210722 17:30:18.491" level="INFO">${password} = SCiz62(!</msg>
<status status="PASS" starttime="20210722 17:30:18.491" endtime="20210722 17:30:18.491"></status>
</kw>
<kw name="Log To Console And Report" library="common">
<doc>This Keyword is for logging the same string to console and report.</doc>
<arguments>
<arg>${password}</arg>
</arguments>
<kw name="Log" library="BuiltIn">
<doc>Logs the given message with the given level.</doc>
<arguments>
<arg>${log_message}</arg>
</arguments>
<msg timestamp="20210722 17:30:18.491" level="INFO">SCiz62(!</msg>
<status status="PASS" starttime="20210722 17:30:18.491" endtime="20210722 17:30:18.491"></status>
</kw>
<kw name="Log To Console" library="BuiltIn">
<doc>Logs the given message to the console.</doc>
<arguments>
<arg>${\n}${log_message}</arg>
</arguments>
<status status="PASS" starttime="20210722 17:30:18.491" endtime="20210722 17:30:18.491"></status>
</kw>
<status status="PASS" starttime="20210722 17:30:18.491" endtime="20210722 17:30:18.491"></status>
</kw>
<msg timestamp="20210722 17:30:18.491" level="INFO">${temp} = SCiz62(!</msg>
<status status="PASS" starttime="20210722 17:30:18.476" endtime="20210722 17:30:18.491"></status>
</kw>
<kw name="Set Variable If" library="BuiltIn">
<doc>Sets variable based on the given condition.</doc>
<arguments>
<arg>'${password}' == 'False'</arg>
<arg>${temp}</arg>
<arg>${password}</arg>
</arguments>
<assign>
<var>${password}</var>
</assign>
<msg timestamp="20210722 17:30:18.491" level="INFO">${password} = NBop68!*</msg>
<status status="PASS" starttime="20210722 17:30:18.491" endtime="20210722 17:30:18.491"></status>
</kw>
<kw name="Log To Console And Report" library="common">
<doc>This Keyword is for logging the same string to console and report.</doc>
<arguments>
<arg>user name is ${user_name}</arg>
</arguments>
<kw name="Log" library="BuiltIn">
<doc>Logs the given message with the given level.</doc>
<arguments>
<arg>${log_message}</arg>
</arguments>
<msg timestamp="20210722 17:30:18.491" level="INFO">user name is testuser20210722173003308</msg>
<status status="PASS" starttime="20210722 17:30:18.491" endtime="20210722 17:30:18.491"></status>
</kw>
<kw name="Log To Console" library="BuiltIn">
<doc>Logs the given message to the console.</doc>
<arguments>
<arg>${\n}${log_message}</arg>
</arguments>
<status status="PASS" starttime="20210722 17:30:18.491" endtime="20210722 17:30:18.491"></status>
</kw>
<status status="PASS" starttime="20210722 17:30:18.491" endtime="20210722 17:30:18.507"></status>
</kw>
<kw name="Log To Console And Report" library="common">
<doc>This Keyword is for logging the same string to console and report.</doc>
<arguments>
<arg>email-id is ${email}</arg>
</arguments>
<kw name="Log" library="BuiltIn">
<doc>Logs the given message with the given level.</doc>
<arguments>
<arg>${log_message}</arg>
</arguments>
<msg timestamp="20210722 17:30:18.507" level="INFO">email-id is testuser20210722173018476@seagate.com</msg>
<status status="PASS" starttime="20210722 17:30:18.507" endtime="20210722 17:30:18.507"></status>
</kw>
<kw name="Log To Console" library="BuiltIn">
<doc>Logs the given message to the console.</doc>
<arguments>
<arg>${\n}${log_message}</arg>
</arguments>
<status status="PASS" starttime="20210722 17:30:18.507" endtime="20210722 17:30:18.507"></status>
</kw>
<status status="PASS" starttime="20210722 17:30:18.507" endtime="20210722 17:30:18.507"></status>
</kw>
<kw name="Log To Console And Report" library="common">
<doc>This Keyword is for logging the same string to console and report.</doc>
<arguments>
<arg>user type is ${user_type}</arg>
</arguments>
<kw name="Log" library="BuiltIn">
<doc>Logs the given message with the given level.</doc>
<arguments>
<arg>${log_message}</arg>
</arguments>
<msg timestamp="20210722 17:30:18.507" level="INFO">user type is manage</msg>
<status status="PASS" starttime="20210722 17:30:18.507" endtime="20210722 17:30:18.507"></status>
</kw>
<kw name="Log To Console" library="BuiltIn">
<doc>Logs the given message to the console.</doc>
<arguments>
<arg>${\n}${log_message}</arg>
</arguments>
<status status="PASS" starttime="20210722 17:30:18.507" endtime="20210722 17:30:18.507"></status>
</kw>
<status status="PASS" starttime="20210722 17:30:18.507" endtime="20210722 17:30:18.507"></status>
</kw>
<kw name="Log To Console And Report" library="common">
<doc>This Keyword is for logging the same string to console and report.</doc>
<arguments>
<arg>password is ${password}</arg>
</arguments>
<kw name="Log" library="BuiltIn">
<doc>Logs the given message with the given level.</doc>
<arguments>
<arg>${log_message}</arg>
</arguments>
<msg timestamp="20210722 17:30:18.507" level="INFO">password is NBop68!*</msg>
<status status="PASS" starttime="20210722 17:30:18.507" endtime="20210722 17:30:18.507"></status>
</kw>
<kw name="Log To Console" library="BuiltIn">
<doc>Logs the given message to the console.</doc>
<arguments>
<arg>${\n}${log_message}</arg>
</arguments>
<status status="PASS" starttime="20210722 17:30:18.507" endtime="20210722 17:30:18.507"></status>
</kw>
<status status="PASS" starttime="20210722 17:30:18.507" endtime="20210722 17:30:18.507"></status>
</kw>
<kw name="Click On Add User Button" library="userSettingsLocalPage">
<doc>Perform click operation on add user button</doc>
<kw name="Click Button" library="SeleniumLibrary">
<doc>Clicks the button identified by ``locator``.</doc>
<arguments>
<arg>${ADD_USER_BUTTON_ID}</arg>
</arguments>
<msg timestamp="20210722 17:30:18.507" level="INFO">Clicking button 'btnLocalAddNewUser'.</msg>
<status status="PASS" starttime="20210722 17:30:18.507" endtime="20210722 17:30:18.656"></status>
</kw>
<status status="PASS" starttime="20210722 17:30:18.507" endtime="20210722 17:30:18.656"></status>
</kw>
<kw name="Input Text" library="SeleniumLibrary">
<doc>Types the given ``text`` into the text field identified by ``locator``.</doc>
<arguments>
<arg>${ADD_USER_USER_NAME_INPUT_BOX_ID}</arg>
<arg>${user_name}</arg>
</arguments>
<msg timestamp="20210722 17:30:18.657" level="INFO">Typing text 'testuser20210722173003308' into text field 'txtUsername'.</msg>
<status status="PASS" starttime="20210722 17:30:18.656" endtime="20210722 17:30:18.966"></status>
</kw>
<kw name="Input Text" library="SeleniumLibrary">
<doc>Types the given ``text`` into the text field identified by ``locator``.</doc>
<arguments>
<arg>${ADD_USER_EMAIL_ID_INPUT_ID}</arg>
<arg>${email}</arg>
</arguments>
<msg timestamp="20210722 17:30:18.966" level="INFO">Typing text 'testuser20210722173018476@seagate.com' into text field 'useremail'.</msg>
<status status="PASS" starttime="20210722 17:30:18.966" endtime="20210722 17:30:19.303"></status>
</kw>
<kw name="Input Text" library="SeleniumLibrary">
<doc>Types the given ``text`` into the text field identified by ``locator``.</doc>
<arguments>
<arg>${ADD_USER_PASSWORD_INPUT_ID}</arg>
<arg>${password}</arg>
</arguments>
<msg timestamp="20210722 17:30:19.303" level="INFO">Typing text 'NBop68!*' into text field 'txtLocalPass'.</msg>
<status status="PASS" starttime="20210722 17:30:19.303" endtime="20210722 17:30:19.432"></status>
</kw>
<kw name="Input Text" library="SeleniumLibrary">
<doc>Types the given ``text`` into the text field identified by ``locator``.</doc>
<arguments>
<arg>${ADD_USER_CONFIRM_PASSWORD_INPUT_ID}</arg>
<arg>${password}</arg>
</arguments>
<msg timestamp="20210722 17:30:19.432" level="INFO">Typing text 'NBop68!*' into text field 'txtLocalConfirmPass'.</msg>
<status status="PASS" starttime="20210722 17:30:19.432" endtime="20210722 17:30:19.544"></status>
</kw>
<kw name="Catenate" library="BuiltIn">
<doc>Catenates the given items together and returns the resulted string.</doc>
<arguments>
<arg>add</arg>
<arg>${user_type}</arg>
<arg>user</arg>
<arg>radio</arg>
<arg>button</arg>
<arg>id</arg>
</arguments>
<assign>
<var>${var}</var>
</assign>
<msg timestamp="20210722 17:30:19.544" level="INFO">${var} = add manage user radio button id</msg>
<status status="PASS" starttime="20210722 17:30:19.544" endtime="20210722 17:30:19.544"></status>
</kw>
<kw name="Click Element" library="SeleniumLibrary">
<doc>Click the element identified by ``locator``.</doc>
<arguments>
<arg>${${var}}</arg>
</arguments>
<msg timestamp="20210722 17:30:19.544" level="INFO">Clicking element 'lblLocalManage'.</msg>
<status status="PASS" starttime="20210722 17:30:19.544" endtime="20210722 17:30:19.584"></status>
</kw>
<kw name="Click Button" library="SeleniumLibrary">
<doc>Clicks the button identified by ``locator``.</doc>
<arguments>
<arg>${CREATE_NEW_CSM_USER_BUTTON_ID}</arg>
</arguments>
<msg timestamp="20210722 17:30:19.584" level="INFO">Clicking button 'btnLocalCreateUser'.</msg>
<status status="PASS" starttime="20210722 17:30:19.584" endtime="20210722 17:30:19.648"></status>
</kw>
<status status="PASS" starttime="20210722 17:30:18.476" endtime="20210722 17:30:19.648"></status>
</kw>
<kw name="Click On Confirm Button" library="userSettingsLocalPage">
<doc>Perform click operation on confirm pop up button</doc>
<kw name="wait for page or element to load" library="common">
<doc>This keyword is to wait for page or element to wait for provided time.</doc>
<kw name="Sleep" library="BuiltIn">
<doc>Pauses the test executed for the given time.</doc>
<arguments>
<arg>${time}</arg>
</arguments>
<msg timestamp="20210722 17:30:24.650" level="INFO">Slept 5 seconds</msg>
<status status="PASS" starttime="20210722 17:30:19.648" endtime="20210722 17:30:24.650"></status>
</kw>
<status status="PASS" starttime="20210722 17:30:19.648" endtime="20210722 17:30:24.650"></status>
</kw>
<kw name="Wait Until Element Is Visible" library="SeleniumLibrary">
<doc>Waits until the element ``locator`` is visible.</doc>
<arguments>
<arg>${NEW_USER_CONFIRM_OK_BUTTON_ID}</arg>
<arg>timeout=60</arg>
</arguments>
<status status="PASS" starttime="20210722 17:30:24.650" endtime="20210722 17:30:24.676"></status>
</kw>
<kw name="Log To Console And Report" library="common">
<doc>This Keyword is for logging the same string to console and report.</doc>
<arguments>
<arg>${NEW_USER_CONFIRM_OK_BUTTON_ID}</arg>
</arguments>
<kw name="Log" library="BuiltIn">
<doc>Logs the given message with the given level.</doc>
<arguments>
<arg>${log_message}</arg>
</arguments>
<msg timestamp="20210722 17:30:24.676" level="INFO">user-dialog-close-btn</msg>
<status status="PASS" starttime="20210722 17:30:24.676" endtime="20210722 17:30:24.676"></status>
</kw>
<kw name="Log To Console" library="BuiltIn">
<doc>Logs the given message to the console.</doc>
<arguments>
<arg>${\n}${log_message}</arg>
</arguments>
<status status="PASS" starttime="20210722 17:30:24.676" endtime="20210722 17:30:24.676"></status>
</kw>
<status status="PASS" starttime="20210722 17:30:24.676" endtime="20210722 17:30:24.676"></status>
</kw>
<kw name="Click Element" library="SeleniumLibrary">
<doc>Click the element identified by ``locator``.</doc>
<arguments>
<arg>${NEW_USER_CONFIRM_OK_BUTTON_ID}</arg>
</arguments>
<msg timestamp="20210722 17:30:24.676" level="INFO">Clicking element 'user-dialog-close-btn'.</msg>
<status status="PASS" starttime="20210722 17:30:24.676" endtime="20210722 17:30:24.765"></status>
</kw>
<status status="PASS" starttime="20210722 17:30:19.648" endtime="20210722 17:30:24.765"></status>
</kw>
<kw name="Verify New User" library="userSettingsLocalPage">
<doc>Functionality to validate correc user name</doc>
<arguments>
<arg>${new_user_name}</arg>
</arguments>
<kw name="wait for page or element to load" library="common">
<doc>This keyword is to wait for page or element to wait for provided time.</doc>
<arguments>
<arg>6s</arg>
</arguments>
<kw name="Sleep" library="BuiltIn">
<doc>Pauses the test executed for the given time.</doc>
<arguments>
<arg>${time}</arg>
</arguments>
<msg timestamp="20210722 17:30:30.779" level="INFO">Slept 6 seconds</msg>
<status status="PASS" starttime="20210722 17:30:24.765" endtime="20210722 17:30:30.779"></status>
</kw>
<status status="PASS" starttime="20210722 17:30:24.765" endtime="20210722 17:30:30.779"></status>
</kw>
<kw name="Read Table Data" library="common">
<doc>This Keyword is for reading the data from the html table and it returns the data in list format.</doc>
<arguments>
<arg>${CSM_TABLE_ELEMENTS_XPATH}</arg>
</arguments>
<assign>
<var>${users_list}</var>
</assign>
<kw name="Create List" library="BuiltIn">
<doc>Returns a list containing given items.</doc>
<assign>
<var>@{table_data}</var>
</assign>
<msg timestamp="20210722 17:30:30.779" level="INFO">@{table_data} = [ ]</msg>
<status status="PASS" starttime="20210722 17:30:30.779" endtime="20210722 17:30:30.779"></status>
</kw>
<kw name="Get WebElements" library="SeleniumLibrary">
<doc>Returns a list of WebElement objects matching the ``locator``.</doc>
<arguments>
<arg>${table_element}</arg>
</arguments>
<assign>
<var>@{table_elements}</var>
</assign>
<msg timestamp="20210722 17:30:30.795" level="INFO">@{table_elements} = [ &lt;selenium.webdriver.remote.webelement.WebElement (session="d2388a915d8765212725ff3bccf9c1e2", element="3160324e-9ad5-48d2-9ea2-c63dbdd73fb6")&gt; | &lt;selenium.webdriver.remote.webelement.WebElement (ses...</msg>
<status status="PASS" starttime="20210722 17:30:30.779" endtime="20210722 17:30:30.795"></status>
</kw>
<kw name="Log To Console And Report" library="common">
<doc>This Keyword is for logging the same string to console and report.</doc>
<arguments>
<arg>${table_element}</arg>
</arguments>
<kw name="Log" library="BuiltIn">
<doc>Logs the given message with the given level.</doc>
<arguments>
<arg>${log_message}</arg>
</arguments>
<msg timestamp="20210722 17:30:30.795" level="INFO">//*[@class="v-data-table cortx-table theme--light"]//table//tbody//tr//td</msg>
<status status="PASS" starttime="20210722 17:30:30.795" endtime="20210722 17:30:30.795"></status>
</kw>
<kw name="Log To Console" library="BuiltIn">
<doc>Logs the given message to the console.</doc>
<arguments>
<arg>${\n}${log_message}</arg>
</arguments>
<status status="PASS" starttime="20210722 17:30:30.795" endtime="20210722 17:30:30.795"></status>
</kw>
<status status="PASS" starttime="20210722 17:30:30.795" endtime="20210722 17:30:30.795"></status>
</kw>
<kw name="Sleep" library="BuiltIn">
<doc>Pauses the test executed for the given time.</doc>
<arguments>
<arg>2s</arg>
</arguments>
<msg timestamp="20210722 17:30:32.798" level="INFO">Slept 2 seconds</msg>
<status status="PASS" starttime="20210722 17:30:30.795" endtime="20210722 17:30:32.798"></status>
</kw>
<kw name="${elements} IN [ @{table_elements} ]" type="for">
<kw name="${elements} = &lt;selenium.webdriver.remote.webelement.WebElement (session=&quot;d2388a915d8765212725ff3bccf9c1e2&quot;, element=&quot;3160324e-9ad5-48d2-9ea2-c63dbdd73fb6&quot;)&gt;" type="foritem">
<kw name="Get Text" library="SeleniumLibrary">
<doc>Returns the text value of the element identified by ``locator``.</doc>
<arguments>
<arg>${elements}</arg>
</arguments>
<assign>
<var>${text}</var>
</assign>
<msg timestamp="20210722 17:30:32.798" level="INFO">${text} = test@seagate.com</msg>
<status status="PASS" starttime="20210722 17:30:32.798" endtime="20210722 17:30:32.798"></status>
</kw>
<kw name="Append To List" library="Collections">
<doc>Adds ``values`` to the end of ``list``.</doc>
<arguments>
<arg>${table_data}</arg>
<arg>${text}</arg>
</arguments>
<status status="PASS" starttime="20210722 17:30:32.814" endtime="20210722 17:30:32.814"></status>
</kw>
<status status="PASS" starttime="20210722 17:30:32.798" endtime="20210722 17:30:32.814"></status>
</kw>
<kw name="${elements} = &lt;selenium.webdriver.remote.webelement.WebElement (session=&quot;d2388a915d8765212725ff3bccf9c1e2&quot;, element=&quot;22f5fc81-3fee-4733-95c6-20103ad9a4ce&quot;)&gt;" type="foritem">
<kw name="Get Text" library="SeleniumLibrary">
<doc>Returns the text value of the element identified by ``locator``.</doc>
<arguments>
<arg>${elements}</arg>
</arguments>
<assign>
<var>${text}</var>
</assign>
<msg timestamp="20210722 17:30:32.814" level="INFO">${text} = admin</msg>
<status status="PASS" starttime="20210722 17:30:32.814" endtime="20210722 17:30:32.814"></status>
</kw>
<kw name="Append To List" library="Collections">
<doc>Adds ``values`` to the end of ``list``.</doc>
<arguments>
<arg>${table_data}</arg>
<arg>${text}</arg>
</arguments>
<status status="PASS" starttime="20210722 17:30:32.814" endtime="20210722 17:30:32.814"></status>
</kw>
<status status="PASS" starttime="20210722 17:30:32.814" endtime="20210722 17:30:32.814"></status>
</kw>
<kw name="${elements} = &lt;selenium.webdriver.remote.webelement.WebElement (session=&quot;d2388a915d8765212725ff3bccf9c1e2&quot;, element=&quot;adc252ef-8c37-41dd-9bd9-395acdf9cb96&quot;)&gt;" type="foritem">
<kw name="Get Text" library="SeleniumLibrary">
<doc>Returns the text value of the element identified by ``locator``.</doc>
<arguments>
<arg>${elements}</arg>
</arguments>
<assign>
<var>${text}</var>
</assign>
<msg timestamp="20210722 17:30:32.829" level="INFO">${text} = admin</msg>
<status status="PASS" starttime="20210722 17:30:32.814" endtime="20210722 17:30:32.829"></status>
</kw>
<kw name="Append To List" library="Collections">
<doc>Adds ``values`` to the end of ``list``.</doc>
<arguments>
<arg>${table_data}</arg>
<arg>${text}</arg>
</arguments>
<status status="PASS" starttime="20210722 17:30:32.829" endtime="20210722 17:30:32.829"></status>
</kw>
<status status="PASS" starttime="20210722 17:30:32.814" endtime="20210722 17:30:32.829"></status>
</kw>
<kw name="${elements} = &lt;selenium.webdriver.remote.webelement.WebElement (session=&quot;d2388a915d8765212725ff3bccf9c1e2&quot;, element=&quot;576a0602-2030-41c0-9ca7-5ffa3ce421c9&quot;)&gt;" type="foritem">
<kw name="Get Text" library="SeleniumLibrary">
<doc>Returns the text value of the element identified by ``locator``.</doc>
<arguments>
<arg>${elements}</arg>
</arguments>
<assign>
<var>${text}</var>
</assign>
<msg timestamp="20210722 17:30:32.845" level="INFO">${text} = </msg>
<status status="PASS" starttime="20210722 17:30:32.829" endtime="20210722 17:30:32.845"></status>
</kw>
<kw name="Append To List" library="Collections">
<doc>Adds ``values`` to the end of ``list``.</doc>
<arguments>
<arg>${table_data}</arg>
<arg>${text}</arg>
</arguments>
<status status="PASS" starttime="20210722 17:30:32.845" endtime="20210722 17:30:32.845"></status>
</kw>
<status status="PASS" starttime="20210722 17:30:32.829" endtime="20210722 17:30:32.845"></status>
</kw>
<kw name="${elements} = &lt;selenium.webdriver.remote.webelement.WebElement (session=&quot;d2388a915d8765212725ff3bccf9c1e2&quot;, element=&quot;26a0e53e-5117-4fcf-aa45-6fcf77b2cdf4&quot;)&gt;" type="foritem">
<kw name="Get Text" library="SeleniumLibrary">
<doc>Returns the text value of the element identified by ``locator``.</doc>
<arguments>
<arg>${elements}</arg>
</arguments>
<assign>
<var>${text}</var>
</assign>
<msg timestamp="20210722 17:30:32.861" level="INFO">${text} = testuser20210722160354284@seagate.com</msg>
<status status="PASS" starttime="20210722 17:30:32.845" endtime="20210722 17:30:32.861"></status>
</kw>
<kw name="Append To List" library="Collections">
<doc>Adds ``values`` to the end of ``list``.</doc>
<arguments>
<arg>${table_data}</arg>
<arg>${text}</arg>
</arguments>
<status status="PASS" starttime="20210722 17:30:32.862" endtime="20210722 17:30:32.862"></status>
</kw>
<status status="PASS" starttime="20210722 17:30:32.845" endtime="20210722 17:30:32.862"></status>
</kw>
<kw name="${elements} = &lt;selenium.webdriver.remote.webelement.WebElement (session=&quot;d2388a915d8765212725ff3bccf9c1e2&quot;, element=&quot;eac2845e-64c4-49ef-89f4-484025a016bb&quot;)&gt;" type="foritem">
<kw name="Get Text" library="SeleniumLibrary">
<doc>Returns the text value of the element identified by ``locator``.</doc>
<arguments>
<arg>${elements}</arg>
</arguments>
<assign>
<var>${text}</var>
</assign>
<msg timestamp="20210722 17:30:32.862" level="INFO">${text} = manage</msg>
<status status="PASS" starttime="20210722 17:30:32.862" endtime="20210722 17:30:32.862"></status>
</kw>
<kw name="Append To List" library="Collections">
<doc>Adds ``values`` to the end of ``list``.</doc>
<arguments>
<arg>${table_data}</arg>
<arg>${text}</arg>
</arguments>
<status status="PASS" starttime="20210722 17:30:32.862" endtime="20210722 17:30:32.862"></status>
</kw>
<status status="PASS" starttime="20210722 17:30:32.862" endtime="20210722 17:30:32.862"></status>
</kw>
<kw name="${elements} = &lt;selenium.webdriver.remote.webelement.WebElement (session=&quot;d2388a915d8765212725ff3bccf9c1e2&quot;, element=&quot;4e30deda-b208-46c6-aded-7cada386873f&quot;)&gt;" type="foritem">
<kw name="Get Text" library="SeleniumLibrary">
<doc>Returns the text value of the element identified by ``locator``.</doc>
<arguments>
<arg>${elements}</arg>
</arguments>
<assign>
<var>${text}</var>
</assign>
<msg timestamp="20210722 17:30:32.877" level="INFO">${text} = testuser20210722160339087</msg>
<status status="PASS" starttime="20210722 17:30:32.862" endtime="20210722 17:30:32.877"></status>
</kw>
<kw name="Append To List" library="Collections">
<doc>Adds ``values`` to the end of ``list``.</doc>
<arguments>
<arg>${table_data}</arg>
<arg>${text}</arg>
</arguments>
<status status="PASS" starttime="20210722 17:30:32.877" endtime="20210722 17:30:32.877"></status>
</kw>
<status status="PASS" starttime="20210722 17:30:32.862" endtime="20210722 17:30:32.877"></status>
</kw>
<kw name="${elements} = &lt;selenium.webdriver.remote.webelement.WebElement (session=&quot;d2388a915d8765212725ff3bccf9c1e2&quot;, element=&quot;5a38069e-9d0b-4dd8-a48d-c316700a07ba&quot;)&gt;" type="foritem">
<kw name="Get Text" library="SeleniumLibrary">
<doc>Returns the text value of the element identified by ``locator``.</doc>
<arguments>
<arg>${elements}</arg>
</arguments>
<assign>
<var>${text}</var>
</assign>
<msg timestamp="20210722 17:30:32.893" level="INFO">${text} = </msg>
<status status="PASS" starttime="20210722 17:30:32.877" endtime="20210722 17:30:32.893"></status>
</kw>
<kw name="Append To List" library="Collections">
<doc>Adds ``values`` to the end of ``list``.</doc>
<arguments>
<arg>${table_data}</arg>
<arg>${text}</arg>
</arguments>
<status status="PASS" starttime="20210722 17:30:32.893" endtime="20210722 17:30:32.893"></status>
</kw>
<status status="PASS" starttime="20210722 17:30:32.877" endtime="20210722 17:30:32.893"></status>
</kw>
<kw name="${elements} = &lt;selenium.webdriver.remote.webelement.WebElement (session=&quot;d2388a915d8765212725ff3bccf9c1e2&quot;, element=&quot;7d6a97c4-b812-4a06-bd78-f85783123136&quot;)&gt;" type="foritem">
<kw name="Get Text" library="SeleniumLibrary">
<doc>Returns the text value of the element identified by ``locator``.</doc>
<arguments>
<arg>${elements}</arg>
</arguments>
<assign>
<var>${text}</var>
</assign>
<msg timestamp="20210722 17:30:32.908" level="INFO">${text} = testuser20210722165257522@seagate.com</msg>
<status status="PASS" starttime="20210722 17:30:32.893" endtime="20210722 17:30:32.908"></status>
</kw>
<kw name="Append To List" library="Collections">
<doc>Adds ``values`` to the end of ``list``.</doc>
<arguments>
<arg>${table_data}</arg>
<arg>${text}</arg>
</arguments>
<status status="PASS" starttime="20210722 17:30:32.908" endtime="20210722 17:30:32.908"></status>
</kw>
<status status="PASS" starttime="20210722 17:30:32.893" endtime="20210722 17:30:32.908"></status>
</kw>
<kw name="${elements} = &lt;selenium.webdriver.remote.webelement.WebElement (session=&quot;d2388a915d8765212725ff3bccf9c1e2&quot;, element=&quot;4349f2fe-3b4b-44af-aea0-2fbf4a12f46f&quot;)&gt;" type="foritem">
<kw name="Get Text" library="SeleniumLibrary">
<doc>Returns the text value of the element identified by ``locator``.</doc>
<arguments>
<arg>${elements}</arg>
</arguments>
<assign>
<var>${text}</var>
</assign>
<msg timestamp="20210722 17:30:32.908" level="INFO">${text} = manage</msg>
<status status="PASS" starttime="20210722 17:30:32.908" endtime="20210722 17:30:32.908"></status>
</kw>
<kw name="Append To List" library="Collections">
<doc>Adds ``values`` to the end of ``list``.</doc>
<arguments>
<arg>${table_data}</arg>
<arg>${text}</arg>
</arguments>
<status status="PASS" starttime="20210722 17:30:32.908" endtime="20210722 17:30:32.908"></status>
</kw>
<status status="PASS" starttime="20210722 17:30:32.908" endtime="20210722 17:30:32.908"></status>
</kw>
<kw name="${elements} = &lt;selenium.webdriver.remote.webelement.WebElement (session=&quot;d2388a915d8765212725ff3bccf9c1e2&quot;, element=&quot;1e6418a2-eb5f-46be-850c-b137b14f1fb8&quot;)&gt;" type="foritem">
<kw name="Get Text" library="SeleniumLibrary">
<doc>Returns the text value of the element identified by ``locator``.</doc>
<arguments>
<arg>${elements}</arg>
</arguments>
<assign>
<var>${text}</var>
</assign>
<msg timestamp="20210722 17:30:32.924" level="INFO">${text} = testuser20210722165242274</msg>
<status status="PASS" starttime="20210722 17:30:32.908" endtime="20210722 17:30:32.924"></status>
</kw>
<kw name="Append To List" library="Collections">
<doc>Adds ``values`` to the end of ``list``.</doc>
<arguments>
<arg>${table_data}</arg>
<arg>${text}</arg>
</arguments>
<status status="PASS" starttime="20210722 17:30:32.924" endtime="20210722 17:30:32.924"></status>
</kw>
<status status="PASS" starttime="20210722 17:30:32.908" endtime="20210722 17:30:32.924"></status>
</kw>
<kw name="${elements} = &lt;selenium.webdriver.remote.webelement.WebElement (session=&quot;d2388a915d8765212725ff3bccf9c1e2&quot;, element=&quot;7ecf982c-b70e-4d65-bb67-40afd6e9d35c&quot;)&gt;" type="foritem">
<kw name="Get Text" library="SeleniumLibrary">
<doc>Returns the text value of the element identified by ``locator``.</doc>
<arguments>
<arg>${elements}</arg>
</arguments>
<assign>
<var>${text}</var>
</assign>
<msg timestamp="20210722 17:30:32.940" level="INFO">${text} = </msg>
<status status="PASS" starttime="20210722 17:30:32.924" endtime="20210722 17:30:32.940"></status>
</kw>
<kw name="Append To List" library="Collections">
<doc>Adds ``values`` to the end of ``list``.</doc>
<arguments>
<arg>${table_data}</arg>
<arg>${text}</arg>
</arguments>
<status status="PASS" starttime="20210722 17:30:32.940" endtime="20210722 17:30:32.940"></status>
</kw>
<status status="PASS" starttime="20210722 17:30:32.924" endtime="20210722 17:30:32.940"></status>
</kw>
<kw name="${elements} = &lt;selenium.webdriver.remote.webelement.WebElement (session=&quot;d2388a915d8765212725ff3bccf9c1e2&quot;, element=&quot;969b6064-bc64-4e3b-a96b-87c0d4f10e1c&quot;)&gt;" type="foritem">
<kw name="Get Text" library="SeleniumLibrary">
<doc>Returns the text value of the element identified by ``locator``.</doc>
<arguments>
<arg>${elements}</arg>
</arguments>
<assign>
<var>${text}</var>
</assign>
<msg timestamp="20210722 17:30:32.955" level="INFO">${text} = testuser20210722173018476@seagate.com</msg>
<status status="PASS" starttime="20210722 17:30:32.940" endtime="20210722 17:30:32.955"></status>
</kw>
<kw name="Append To List" library="Collections">
<doc>Adds ``values`` to the end of ``list``.</doc>
<arguments>
<arg>${table_data}</arg>
<arg>${text}</arg>
</arguments>
<status status="PASS" starttime="20210722 17:30:32.955" endtime="20210722 17:30:32.955"></status>
</kw>
<status status="PASS" starttime="20210722 17:30:32.940" endtime="20210722 17:30:32.955"></status>
</kw>
<kw name="${elements} = &lt;selenium.webdriver.remote.webelement.WebElement (session=&quot;d2388a915d8765212725ff3bccf9c1e2&quot;, element=&quot;ebce1170-8eca-49ae-bd5b-ff81d63dfdb2&quot;)&gt;" type="foritem">
<kw name="Get Text" library="SeleniumLibrary">
<doc>Returns the text value of the element identified by ``locator``.</doc>
<arguments>
<arg>${elements}</arg>
</arguments>
<assign>
<var>${text}</var>
</assign>
<msg timestamp="20210722 17:30:32.955" level="INFO">${text} = manage</msg>
<status status="PASS" starttime="20210722 17:30:32.955" endtime="20210722 17:30:32.955"></status>
</kw>
<kw name="Append To List" library="Collections">
<doc>Adds ``values`` to the end of ``list``.</doc>
<arguments>
<arg>${table_data}</arg>
<arg>${text}</arg>
</arguments>
<status status="PASS" starttime="20210722 17:30:32.955" endtime="20210722 17:30:32.955"></status>
</kw>
<status status="PASS" starttime="20210722 17:30:32.955" endtime="20210722 17:30:32.955"></status>
</kw>
<kw name="${elements} = &lt;selenium.webdriver.remote.webelement.WebElement (session=&quot;d2388a915d8765212725ff3bccf9c1e2&quot;, element=&quot;e2f74a6b-8fe1-4adc-b1e1-d3aa94d28525&quot;)&gt;" type="foritem">
<kw name="Get Text" library="SeleniumLibrary">
<doc>Returns the text value of the element identified by ``locator``.</doc>
<arguments>
<arg>${elements}</arg>
</arguments>
<assign>
<var>${text}</var>
</assign>
<msg timestamp="20210722 17:30:32.971" level="INFO">${text} = testuser20210722173003308</msg>
<status status="PASS" starttime="20210722 17:30:32.955" endtime="20210722 17:30:32.971"></status>
</kw>
<kw name="Append To List" library="Collections">
<doc>Adds ``values`` to the end of ``list``.</doc>
<arguments>
<arg>${table_data}</arg>
<arg>${text}</arg>
</arguments>
<status status="PASS" starttime="20210722 17:30:32.971" endtime="20210722 17:30:32.971"></status>
</kw>
<status status="PASS" starttime="20210722 17:30:32.955" endtime="20210722 17:30:32.971"></status>
</kw>
<kw name="${elements} = &lt;selenium.webdriver.remote.webelement.WebElement (session=&quot;d2388a915d8765212725ff3bccf9c1e2&quot;, element=&quot;6d8cd11d-7d30-4a5a-a87b-5ee129f42476&quot;)&gt;" type="foritem">
<kw name="Get Text" library="SeleniumLibrary">
<doc>Returns the text value of the element identified by ``locator``.</doc>
<arguments>
<arg>${elements}</arg>
</arguments>
<assign>
<var>${text}</var>
</assign>
<msg timestamp="20210722 17:30:32.994" level="INFO">${text} = </msg>
<status status="PASS" starttime="20210722 17:30:32.971" endtime="20210722 17:30:32.994"></status>
</kw>
<kw name="Append To List" library="Collections">
<doc>Adds ``values`` to the end of ``list``.</doc>
<arguments>
<arg>${table_data}</arg>
<arg>${text}</arg>
</arguments>
<status status="PASS" starttime="20210722 17:30:32.994" endtime="20210722 17:30:32.994"></status>
</kw>
<status status="PASS" starttime="20210722 17:30:32.971" endtime="20210722 17:30:32.994"></status>
</kw>
<status status="PASS" starttime="20210722 17:30:32.798" endtime="20210722 17:30:32.994"></status>
</kw>
<kw name="Log To Console And Report" library="common">
<doc>This Keyword is for logging the same string to console and report.</doc>
<arguments>
<arg>${table_data}</arg>
</arguments>
<kw name="Log" library="BuiltIn">
<doc>Logs the given message with the given level.</doc>
<arguments>
<arg>${log_message}</arg>
</arguments>
<msg timestamp="20210722 17:30:32.995" level="INFO">['test@seagate.com', 'admin', 'admin', '', 'testuser20210722160354284@seagate.com', 'manage', 'testuser20210722160339087', '', 'testuser20210722165257522@seagate.com', 'manage', 'testuser20210722165242274', '', 'testuser20210722173018476@seagate.com', 'manage', 'testuser20210722173003308', '']</msg>
<status status="PASS" starttime="20210722 17:30:32.995" endtime="20210722 17:30:32.995"></status>
</kw>
<kw name="Log To Console" library="BuiltIn">
<doc>Logs the given message to the console.</doc>
<arguments>
<arg>${\n}${log_message}</arg>
</arguments>
<status status="PASS" starttime="20210722 17:30:32.995" endtime="20210722 17:30:32.995"></status>
</kw>
<status status="PASS" starttime="20210722 17:30:32.994" endtime="20210722 17:30:32.996"></status>
</kw>
<msg timestamp="20210722 17:30:32.996" level="INFO">${users_list} = ['test@seagate.com', 'admin', 'admin', '', 'testuser20210722160354284@seagate.com', 'manage', 'testuser20210722160339087', '', 'testuser20210722165257522@seagate.com', 'manage', 'testuser2021072216524...</msg>
<status status="PASS" starttime="20210722 17:30:30.779" endtime="20210722 17:30:32.996"></status>
</kw>
<kw name="List Should Contain Value" library="Collections">
<doc>Fails if the ``value`` is not found from ``list``.</doc>
<arguments>
<arg>${users_list}</arg>
<arg>${user_name}</arg>
</arguments>
<status status="PASS" starttime="20210722 17:30:32.996" endtime="20210722 17:30:32.996"></status>
</kw>
<status status="PASS" starttime="20210722 17:30:24.765" endtime="20210722 17:30:32.996"></status>
</kw>
<kw name="Re-login" library="loginPage">
<doc>Functionality to Logout and login again</doc>
<arguments>
<arg>${new_user_name}</arg>
<arg>${new_password}</arg>
<arg>${page_name}</arg>
</arguments>
<kw name="Run Keyword If" library="BuiltIn">
<doc>Runs the given keyword with the given arguments, if ``condition`` is true.</doc>
<arguments>
<arg>'${Logout}' == 'True'</arg>
<arg>CSM GUI Logout</arg>
</arguments>
<kw name="CSM GUI Logout" library="loginPage">
<doc>This keyword is used to logout of CSM GUI.</doc>
<kw name="Click Element" library="SeleniumLibrary">
<doc>Click the element identified by ``locator``.</doc>
<arguments>
<arg>${USER_DROPDOWN_ID}</arg>
</arguments>
<msg timestamp="20210722 17:30:32.998" level="INFO">Clicking element 'logout-icon'.</msg>
<status status="PASS" starttime="20210722 17:30:32.998" endtime="20210722 17:30:33.041"></status>
</kw>
<kw name="Wait Until Element Is Visible" library="SeleniumLibrary">
<doc>Waits until the element ``locator`` is visible.</doc>
<arguments>
<arg>${LOG_OUT_ID}</arg>
<arg>timeout=20</arg>
</arguments>
<status status="PASS" starttime="20210722 17:30:33.041" endtime="20210722 17:30:33.065"></status>
</kw>
<kw name="Click Element" library="SeleniumLibrary">
<doc>Click the element identified by ``locator``.</doc>
<arguments>
<arg>${LOG_OUT_ID}</arg>
</arguments>
<msg timestamp="20210722 17:30:33.065" level="INFO">Clicking element 'logout-link'.</msg>
<status status="PASS" starttime="20210722 17:30:33.065" endtime="20210722 17:30:33.102"></status>
</kw>
<kw name="Wait Until Element Is Visible" library="SeleniumLibrary">
<doc>Waits until the element ``locator`` is visible.</doc>
<arguments>
<arg>${CSM_USERNAME_ID}</arg>
<arg>timeout=30</arg>
</arguments>
<status status="PASS" starttime="20210722 17:30:33.110" endtime="20210722 17:30:34.044"></status>
</kw>
<status status="PASS" starttime="20210722 17:30:32.997" endtime="20210722 17:30:34.044"></status>
</kw>
<status status="PASS" starttime="20210722 17:30:32.997" endtime="20210722 17:30:34.044"></status>
</kw>
<kw name="wait for page or element to load" library="common">
<doc>This keyword is to wait for page or element to wait for provided time.</doc>
<kw name="Sleep" library="BuiltIn">
<doc>Pauses the test executed for the given time.</doc>
<arguments>
<arg>${time}</arg>
</arguments>
<msg timestamp="20210722 17:30:39.051" level="INFO">Slept 5 seconds</msg>
<status status="PASS" starttime="20210722 17:30:34.044" endtime="20210722 17:30:39.051"></status>
</kw>
<status status="PASS" starttime="20210722 17:30:34.044" endtime="20210722 17:30:39.051"></status>
</kw>
<kw name="Wait Until Element Is Visible" library="SeleniumLibrary">
<doc>Waits until the element ``locator`` is visible.</doc>
<arguments>
<arg>${csm username id}</arg>
<arg>timeout=60</arg>
</arguments>
<status status="PASS" starttime="20210722 17:30:39.051" endtime="20210722 17:30:39.051"></status>
</kw>
<kw name="Enter Username And Password" library="loginPage">
<doc>Test keyword is for entering the username and password on login form.</doc>
<arguments>
<arg>${username}</arg>
<arg>${password}</arg>
</arguments>
<kw name="Input Text" library="SeleniumLibrary">
<doc>Types the given ``text`` into the text field identified by ``locator``.</doc>
<arguments>
<arg>${csm username id}</arg>
<arg>${username}</arg>
</arguments>
<msg timestamp="20210722 17:30:39.051" level="INFO">Typing text 'testuser20210722173003308' into text field 'username'.</msg>
<status status="PASS" starttime="20210722 17:30:39.051" endtime="20210722 17:30:39.150"></status>
</kw>
<kw name="Input Password" library="SeleniumLibrary">
<doc>Types the given password into the text field identified by ``locator``.</doc>
<arguments>
<arg>${csm password id}</arg>
<arg>${password}</arg>
</arguments>
<msg timestamp="20210722 17:30:39.150" level="INFO">Typing password into text field 'password'.</msg>
<msg timestamp="20210722 17:30:39.182" level="INFO">Temporally setting log level to: NONE</msg>
<msg timestamp="20210722 17:30:39.218" level="INFO">Log level changed from NONE to INFO.</msg>
<status status="PASS" starttime="20210722 17:30:39.150" endtime="20210722 17:30:39.218"></status>
</kw>
<status status="PASS" starttime="20210722 17:30:39.051" endtime="20210722 17:30:39.218"></status>
</kw>
<kw name="Click Sigin Button" library="loginPage">
<doc>This keyword is for entering the username and password on login form.</doc>
<kw name="Wait Until Element Is Visible" library="SeleniumLibrary">
<doc>Waits until the element ``locator`` is visible.</doc>
<arguments>
<arg>${signin_button_id}</arg>
<arg>timeout=30</arg>
</arguments>
<status status="PASS" starttime="20210722 17:30:39.218" endtime="20210722 17:30:39.242"></status>
</kw>
<kw name="Click Button" library="SeleniumLibrary">
<doc>Clicks the button identified by ``locator``.</doc>
<arguments>
<arg>${signin_button_id}</arg>
</arguments>
<msg timestamp="20210722 17:30:39.242" level="INFO">Clicking button 'login-userbtn'.</msg>
<status status="PASS" starttime="20210722 17:30:39.242" endtime="20210722 17:30:39.284"></status>
</kw>
<kw name="Sleep" library="BuiltIn">
<doc>Pauses the test executed for the given time.</doc>
<arguments>
<arg>5s</arg>
</arguments>
<msg timestamp="20210722 17:30:44.288" level="INFO">Slept 5 seconds</msg>
<status status="PASS" starttime="20210722 17:30:39.284" endtime="20210722 17:30:44.288"></status>
</kw>
<status status="PASS" starttime="20210722 17:30:39.218" endtime="20210722 17:30:44.288"></status>
</kw>
<kw name="wait for page or element to load" library="common">
<doc>This keyword is to wait for page or element to wait for provided time.</doc>
<kw name="Sleep" library="BuiltIn">
<doc>Pauses the test executed for the given time.</doc>
<arguments>
<arg>${time}</arg>
</arguments>
<msg timestamp="20210722 17:30:49.296" level="INFO">Slept 5 seconds</msg>
<status status="PASS" starttime="20210722 17:30:44.288" endtime="20210722 17:30:49.296"></status>
</kw>
<status status="PASS" starttime="20210722 17:30:44.288" endtime="20210722 17:30:49.296"></status>
</kw>
<kw name="Navigate To Page" library="common">
<doc>This Keyword is for navigating to certain page</doc>
<arguments>
<arg>${page}</arg>
</arguments>
<kw name="Log To Console And Report" library="common">
<doc>This Keyword is for logging the same string to console and report.</doc>
<arguments>
<arg>Navigating to ${page_name}</arg>
</arguments>
<kw name="Log" library="BuiltIn">
<doc>Logs the given message with the given level.</doc>
<arguments>
<arg>${log_message}</arg>
</arguments>
<msg timestamp="20210722 17:30:49.296" level="INFO">Navigating to MANAGE_MENU_ID</msg>
<status status="PASS" starttime="20210722 17:30:49.296" endtime="20210722 17:30:49.296"></status>
</kw>
<kw name="Log To Console" library="BuiltIn">
<doc>Logs the given message to the console.</doc>
<arguments>
<arg>${\n}${log_message}</arg>
</arguments>
<status status="PASS" starttime="20210722 17:30:49.296" endtime="20210722 17:30:49.304"></status>
</kw>
<status status="PASS" starttime="20210722 17:30:49.296" endtime="20210722 17:30:49.304"></status>
</kw>
<kw name="Wait Until Element Is Visible" library="SeleniumLibrary">
<doc>Waits until the element ``locator`` is visible.</doc>
<arguments>
<arg>${${page_name}}</arg>
<arg>timeout=60</arg>
</arguments>
<status status="PASS" starttime="20210722 17:30:49.304" endtime="20210722 17:30:49.360"></status>
</kw>
<kw name="wait for page or element to load" library="common">
<doc>This keyword is to wait for page or element to wait for provided time.</doc>
<kw name="Sleep" library="BuiltIn">
<doc>Pauses the test executed for the given time.</doc>
<arguments>
<arg>${time}</arg>
</arguments>
<msg timestamp="20210722 17:30:54.368" level="INFO">Slept 5 seconds</msg>
<status status="PASS" starttime="20210722 17:30:49.360" endtime="20210722 17:30:54.368"></status>
</kw>
<status status="PASS" starttime="20210722 17:30:49.360" endtime="20210722 17:30:54.368"></status>
</kw>
<kw name="Click Element" library="SeleniumLibrary">
<doc>Click the element identified by ``locator``.</doc>
<arguments>
<arg>${${page_name}}</arg>
</arguments>
<msg timestamp="20210722 17:30:54.368" level="INFO">Clicking element 'Manage'.</msg>
<status status="PASS" starttime="20210722 17:30:54.368" endtime="20210722 17:30:54.488"></status>
</kw>
<kw name="wait for page or element to load" library="common">
<doc>This keyword is to wait for page or element to wait for provided time.</doc>
<kw name="Sleep" library="BuiltIn">
<doc>Pauses the test executed for the given time.</doc>
<arguments>
<arg>${time}</arg>
</arguments>
<msg timestamp="20210722 17:30:59.495" level="INFO">Slept 5 seconds</msg>
<status status="PASS" starttime="20210722 17:30:54.488" endtime="20210722 17:30:59.495"></status>
</kw>
<status status="PASS" starttime="20210722 17:30:54.488" endtime="20210722 17:30:59.495"></status>
</kw>
<kw name="Convert To Boolean" library="BuiltIn">
<doc>Converts the given item to Boolean true or false.</doc>
<arguments>
<arg>${sub_page}</arg>
</arguments>
<assign>
<var>${value}</var>
</assign>
<msg timestamp="20210722 17:30:59.495" level="INFO">${value} = False</msg>
<status status="PASS" starttime="20210722 17:30:59.495" endtime="20210722 17:30:59.495"></status>
</kw>
<kw name="Run Keyword If" library="BuiltIn">
<doc>Runs the given keyword with the given arguments, if ``condition`` is true.</doc>
<arguments>
<arg>${value}</arg>
<arg>Click Element</arg>
<arg>${${sub_page}}</arg>
</arguments>
<status status="PASS" starttime="20210722 17:30:59.495" endtime="20210722 17:30:59.495"></status>
</kw>
<status status="PASS" starttime="20210722 17:30:49.296" endtime="20210722 17:30:59.495"></status>
</kw>
<status status="PASS" starttime="20210722 17:30:32.997" endtime="20210722 17:30:59.495"></status>
</kw>
<msg timestamp="20210722 17:30:59.495" level="INFO">${new_user_name} = testuser20210722173003308</msg>
<msg timestamp="20210722 17:30:59.495" level="INFO">${new_password} = NBop68!*</msg>
<status status="PASS" starttime="20210722 17:30:03.308" endtime="20210722 17:30:59.495"></status>
</kw>
<kw name="wait for page or element to load" library="common">
<doc>This keyword is to wait for page or element to wait for provided time.</doc>
<kw name="Sleep" library="BuiltIn">
<doc>Pauses the test executed for the given time.</doc>
<arguments>
<arg>${time}</arg>
</arguments>
<msg timestamp="20210722 17:31:04.499" level="INFO">Slept 5 seconds</msg>
<status status="PASS" starttime="20210722 17:30:59.495" endtime="20210722 17:31:04.499"></status>
</kw>
<status status="PASS" starttime="20210722 17:30:59.495" endtime="20210722 17:31:04.500"></status>
</kw>
<kw name="Generate New Password" library="common">
<doc>Functionality to generate valid password</doc>
<assign>
<var>${new_csm_user_password}</var>
</assign>
<kw name="Generate Random String" library="String">
<doc>Generates a string with a desired ``length`` from the given ``chars``.</doc>
<arguments>
<arg>2</arg>
<arg>[UPPER]</arg>
</arguments>
<assign>
<var>${upper_case}</var>
</assign>
<msg timestamp="20210722 17:31:04.503" level="INFO">${upper_case} = IA</msg>
<status status="PASS" starttime="20210722 17:31:04.502" endtime="20210722 17:31:04.503"></status>
</kw>
<kw name="Generate Random String" library="String">
<doc>Generates a string with a desired ``length`` from the given ``chars``.</doc>
<arguments>
<arg>2</arg>
<arg>[LOWER]</arg>
</arguments>
<assign>
<var>${lower_case}</var>
</assign>
<msg timestamp="20210722 17:31:04.504" level="INFO">${lower_case} = cy</msg>
<status status="PASS" starttime="20210722 17:31:04.503" endtime="20210722 17:31:04.504"></status>
</kw>
<kw name="Generate Random String" library="String">
<doc>Generates a string with a desired ``length`` from the given ``chars``.</doc>
<arguments>
<arg>2</arg>
<arg>[NUMBERS]</arg>
</arguments>
<assign>
<var>${numbers}</var>
</assign>
<msg timestamp="20210722 17:31:04.504" level="INFO">${numbers} = 72</msg>
<status status="PASS" starttime="20210722 17:31:04.504" endtime="20210722 17:31:04.504"></status>
</kw>
<kw name="Generate Random String" library="String">
<doc>Generates a string with a desired ``length`` from the given ``chars``.</doc>
<arguments>
<arg>2</arg>
<arg>!@#$%^&amp;*()</arg>
</arguments>
<assign>
<var>${special_char}</var>
</assign>
<msg timestamp="20210722 17:31:04.504" level="INFO">${special_char} = %)</msg>
<status status="PASS" starttime="20210722 17:31:04.504" endtime="20210722 17:31:04.504"></status>
</kw>
<kw name="Catenate" library="BuiltIn">
<doc>Catenates the given items together and returns the resulted string.</doc>
<arguments>
<arg>SEPARATOR=</arg>
<arg>${upper_case}</arg>
<arg>${lower_case}</arg>
<arg>${numbers}</arg>
<arg>${special_char}</arg>
</arguments>
<assign>
<var>${password}</var>
</assign>
<msg timestamp="20210722 17:31:04.504" level="INFO">${password} = IAcy72%)</msg>
<status status="PASS" starttime="20210722 17:31:04.504" endtime="20210722 17:31:04.504"></status>
</kw>
<kw name="Log To Console And Report" library="common">
<doc>This Keyword is for logging the same string to console and report.</doc>
<arguments>
<arg>${password}</arg>
</arguments>
<kw name="Log" library="BuiltIn">
<doc>Logs the given message with the given level.</doc>
<arguments>
<arg>${log_message}</arg>
</arguments>
<msg timestamp="20210722 17:31:04.504" level="INFO">IAcy72%)</msg>
<status status="PASS" starttime="20210722 17:31:04.504" endtime="20210722 17:31:04.504"></status>
</kw>
<kw name="Log To Console" library="BuiltIn">
<doc>Logs the given message to the console.</doc>
<arguments>
<arg>${\n}${log_message}</arg>
</arguments>
<status status="PASS" starttime="20210722 17:31:04.504" endtime="20210722 17:31:04.504"></status>
</kw>
<status status="PASS" starttime="20210722 17:31:04.504" endtime="20210722 17:31:04.504"></status>
</kw>
<msg timestamp="20210722 17:31:04.504" level="INFO">${new_csm_user_password} = IAcy72%)</msg>
<status status="PASS" starttime="20210722 17:31:04.501" endtime="20210722 17:31:04.504"></status>
</kw>
<kw name="Generate New User Name" library="common">
<doc>Functionality to generate new user name</doc>
<assign>
<var>${new_csm_user_name}</var>
</assign>
<kw name="Get Current Date" library="DateTime">
<doc>Returns current local or UTC time with an optional increment.</doc>
<assign>
<var>${str}</var>
</assign>
<msg timestamp="20210722 17:31:04.504" level="INFO">${str} = 2021-07-22 17:31:04.504</msg>
<status status="PASS" starttime="20210722 17:31:04.504" endtime="20210722 17:31:04.504"></status>
</kw>
<kw name="Replace String" library="String">
<doc>Replaces ``search_for`` in the given ``string`` with ``replace_with``.</doc>
<arguments>
<arg>${str}</arg>
<arg>:</arg>
<arg>${EMPTY}</arg>
</arguments>
<assign>
<var>${str}</var>
</assign>
<msg timestamp="20210722 17:31:04.504" level="INFO">${str} = 2021-07-22 173104.504</msg>
<status status="PASS" starttime="20210722 17:31:04.504" endtime="20210722 17:31:04.504"></status>
</kw>
<kw name="Replace String" library="String">
<doc>Replaces ``search_for`` in the given ``string`` with ``replace_with``.</doc>
<arguments>
<arg>${str}</arg>
<arg>.</arg>
<arg>${EMPTY}</arg>
</arguments>
<assign>
<var>${str}</var>
</assign>
<msg timestamp="20210722 17:31:04.504" level="INFO">${str} = 2021-07-22 173104504</msg>
<status status="PASS" starttime="20210722 17:31:04.504" endtime="20210722 17:31:04.504"></status>
</kw>
<kw name="Replace String" library="String">
<doc>Replaces ``search_for`` in the given ``string`` with ``replace_with``.</doc>
<arguments>
<arg>${str}</arg>
<arg>-</arg>
<arg>${EMPTY}</arg>
</arguments>
<assign>
<var>${str}</var>
</assign>
<msg timestamp="20210722 17:31:04.504" level="INFO">${str} = 20210722 173104504</msg>
<status status="PASS" starttime="20210722 17:31:04.504" endtime="20210722 17:31:04.504"></status>
</kw>
<kw name="Replace String" library="String">
<doc>Replaces ``search_for`` in the given ``string`` with ``replace_with``.</doc>
<arguments>
<arg>${str}</arg>
<arg>${space}</arg>
<arg>${EMPTY}</arg>
</arguments>
<assign>
<var>${str}</var>
</assign>
<msg timestamp="20210722 17:31:04.504" level="INFO">${str} = 20210722173104504</msg>
<status status="PASS" starttime="20210722 17:31:04.504" endtime="20210722 17:31:04.504"></status>
</kw>
<kw name="Catenate" library="BuiltIn">
<doc>Catenates the given items together and returns the resulted string.</doc>
<arguments>
<arg>SEPARATOR=</arg>
<arg>testuser</arg>
<arg>${str}</arg>
</arguments>
<assign>
<var>${str}</var>
</assign>
<msg timestamp="20210722 17:31:04.504" level="INFO">${str} = testuser20210722173104504</msg>
<status status="PASS" starttime="20210722 17:31:04.504" endtime="20210722 17:31:04.504"></status>
</kw>
<msg timestamp="20210722 17:31:04.504" level="INFO">${new_csm_user_name} = testuser20210722173104504</msg>
<status status="PASS" starttime="20210722 17:31:04.504" endtime="20210722 17:31:04.504"></status>
</kw>
<kw name="Create New CSM User" library="userSettingsLocalPage">
<doc>Functionality to create new user</doc>
<arguments>
<arg>${new_csm_user_name}</arg>
<arg>${new_csm_user_password}</arg>
<arg>manage</arg>
</arguments>
<kw name="Generate New User Email" library="common">
<doc>Functionality to generate new user email</doc>
<assign>
<var>${email}</var>
</assign>
<kw name="Generate New User Name" library="common">
<doc>Functionality to generate new user name</doc>
<assign>
<var>${name}</var>
</assign>
<kw name="Get Current Date" library="DateTime">
<doc>Returns current local or UTC time with an optional increment.</doc>
<assign>
<var>${str}</var>
</assign>
<msg timestamp="20210722 17:31:04.504" level="INFO">${str} = 2021-07-22 17:31:04.504</msg>
<status status="PASS" starttime="20210722 17:31:04.504" endtime="20210722 17:31:04.504"></status>
</kw>
<kw name="Replace String" library="String">
<doc>Replaces ``search_for`` in the given ``string`` with ``replace_with``.</doc>
<arguments>
<arg>${str}</arg>
<arg>:</arg>
<arg>${EMPTY}</arg>
</arguments>
<assign>
<var>${str}</var>
</assign>
<msg timestamp="20210722 17:31:04.504" level="INFO">${str} = 2021-07-22 173104.504</msg>
<status status="PASS" starttime="20210722 17:31:04.504" endtime="20210722 17:31:04.504"></status>
</kw>
<kw name="Replace String" library="String">
<doc>Replaces ``search_for`` in the given ``string`` with ``replace_with``.</doc>
<arguments>
<arg>${str}</arg>
<arg>.</arg>
<arg>${EMPTY}</arg>
</arguments>
<assign>
<var>${str}</var>
</assign>
<msg timestamp="20210722 17:31:04.504" level="INFO">${str} = 2021-07-22 173104504</msg>
<status status="PASS" starttime="20210722 17:31:04.504" endtime="20210722 17:31:04.504"></status>
</kw>
<kw name="Replace String" library="String">
<doc>Replaces ``search_for`` in the given ``string`` with ``replace_with``.</doc>
<arguments>
<arg>${str}</arg>
<arg>-</arg>
<arg>${EMPTY}</arg>
</arguments>
<assign>
<var>${str}</var>
</assign>
<msg timestamp="20210722 17:31:04.504" level="INFO">${str} = 20210722 173104504</msg>
<status status="PASS" starttime="20210722 17:31:04.504" endtime="20210722 17:31:04.504"></status>
</kw>
<kw name="Replace String" library="String">
<doc>Replaces ``search_for`` in the given ``string`` with ``replace_with``.</doc>
<arguments>
<arg>${str}</arg>
<arg>${space}</arg>
<arg>${EMPTY}</arg>
</arguments>
<assign>
<var>${str}</var>
</assign>
<msg timestamp="20210722 17:31:04.504" level="INFO">${str} = 20210722173104504</msg>
<status status="PASS" starttime="20210722 17:31:04.504" endtime="20210722 17:31:04.504"></status>
</kw>
<kw name="Catenate" library="BuiltIn">
<doc>Catenates the given items together and returns the resulted string.</doc>
<arguments>
<arg>SEPARATOR=</arg>
<arg>testuser</arg>
<arg>${str}</arg>
</arguments>
<assign>
<var>${str}</var>
</assign>
<msg timestamp="20210722 17:31:04.504" level="INFO">${str} = testuser20210722173104504</msg>
<status status="PASS" starttime="20210722 17:31:04.504" endtime="20210722 17:31:04.504"></status>
</kw>
<msg timestamp="20210722 17:31:04.504" level="INFO">${name} = testuser20210722173104504</msg>
<status status="PASS" starttime="20210722 17:31:04.504" endtime="20210722 17:31:04.504"></status>
</kw>
<kw name="Catenate" library="BuiltIn">
<doc>Catenates the given items together and returns the resulted string.</doc>
<arguments>
<arg>SEPARATOR=</arg>
<arg>${name}</arg>
<arg>@seagate.com</arg>
</arguments>
<assign>
<var>${email}</var>
</assign>
<msg timestamp="20210722 17:31:04.520" level="INFO">${email} = testuser20210722173104504@seagate.com</msg>
<status status="PASS" starttime="20210722 17:31:04.504" endtime="20210722 17:31:04.520"></status>
</kw>
<msg timestamp="20210722 17:31:04.520" level="INFO">${email} = testuser20210722173104504@seagate.com</msg>
<status status="PASS" starttime="20210722 17:31:04.504" endtime="20210722 17:31:04.520"></status>
</kw>
<kw name="Generate New Password" library="common">
<doc>Functionality to generate valid password</doc>
<assign>
<var>${temp}</var>
</assign>
<kw name="Generate Random String" library="String">
<doc>Generates a string with a desired ``length`` from the given ``chars``.</doc>
<arguments>
<arg>2</arg>
<arg>[UPPER]</arg>
</arguments>
<assign>
<var>${upper_case}</var>
</assign>
<msg timestamp="20210722 17:31:04.520" level="INFO">${upper_case} = DV</msg>
<status status="PASS" starttime="20210722 17:31:04.520" endtime="20210722 17:31:04.520"></status>
</kw>
<kw name="Generate Random String" library="String">
<doc>Generates a string with a desired ``length`` from the given ``chars``.</doc>
<arguments>
<arg>2</arg>
<arg>[LOWER]</arg>
</arguments>
<assign>
<var>${lower_case}</var>
</assign>
<msg timestamp="20210722 17:31:04.520" level="INFO">${lower_case} = gp</msg>
<status status="PASS" starttime="20210722 17:31:04.520" endtime="20210722 17:31:04.520"></status>
</kw>
<kw name="Generate Random String" library="String">
<doc>Generates a string with a desired ``length`` from the given ``chars``.</doc>
<arguments>
<arg>2</arg>
<arg>[NUMBERS]</arg>
</arguments>
<assign>
<var>${numbers}</var>
</assign>
<msg timestamp="20210722 17:31:04.520" level="INFO">${numbers} = 84</msg>
<status status="PASS" starttime="20210722 17:31:04.520" endtime="20210722 17:31:04.520"></status>
</kw>
<kw name="Generate Random String" library="String">
<doc>Generates a string with a desired ``length`` from the given ``chars``.</doc>
<arguments>
<arg>2</arg>
<arg>!@#$%^&amp;*()</arg>
</arguments>
<assign>
<var>${special_char}</var>
</assign>
<msg timestamp="20210722 17:31:04.520" level="INFO">${special_char} = *!</msg>
<status status="PASS" starttime="20210722 17:31:04.520" endtime="20210722 17:31:04.520"></status>
</kw>
<kw name="Catenate" library="BuiltIn">
<doc>Catenates the given items together and returns the resulted string.</doc>
<arguments>
<arg>SEPARATOR=</arg>
<arg>${upper_case}</arg>
<arg>${lower_case}</arg>
<arg>${numbers}</arg>
<arg>${special_char}</arg>
</arguments>
<assign>
<var>${password}</var>
</assign>
<msg timestamp="20210722 17:31:04.520" level="INFO">${password} = DVgp84*!</msg>
<status status="PASS" starttime="20210722 17:31:04.520" endtime="20210722 17:31:04.520"></status>
</kw>
<kw name="Log To Console And Report" library="common">
<doc>This Keyword is for logging the same string to console and report.</doc>
<arguments>
<arg>${password}</arg>
</arguments>
<kw name="Log" library="BuiltIn">
<doc>Logs the given message with the given level.</doc>
<arguments>
<arg>${log_message}</arg>
</arguments>
<msg timestamp="20210722 17:31:04.520" level="INFO">DVgp84*!</msg>
<status status="PASS" starttime="20210722 17:31:04.520" endtime="20210722 17:31:04.520"></status>
</kw>
<kw name="Log To Console" library="BuiltIn">
<doc>Logs the given message to the console.</doc>
<arguments>
<arg>${\n}${log_message}</arg>
</arguments>
<status status="PASS" starttime="20210722 17:31:04.520" endtime="20210722 17:31:04.520"></status>
</kw>
<status status="PASS" starttime="20210722 17:31:04.520" endtime="20210722 17:31:04.520"></status>
</kw>
<msg timestamp="20210722 17:31:04.520" level="INFO">${temp} = DVgp84*!</msg>
<status status="PASS" starttime="20210722 17:31:04.520" endtime="20210722 17:31:04.520"></status>
</kw>
<kw name="Set Variable If" library="BuiltIn">
<doc>Sets variable based on the given condition.</doc>
<arguments>
<arg>'${password}' == 'False'</arg>
<arg>${temp}</arg>
<arg>${password}</arg>
</arguments>
<assign>
<var>${password}</var>
</assign>
<msg timestamp="20210722 17:31:04.520" level="INFO">${password} = IAcy72%)</msg>
<status status="PASS" starttime="20210722 17:31:04.520" endtime="20210722 17:31:04.520"></status>
</kw>
<kw name="Log To Console And Report" library="common">
<doc>This Keyword is for logging the same string to console and report.</doc>
<arguments>
<arg>user name is ${user_name}</arg>
</arguments>
<kw name="Log" library="BuiltIn">
<doc>Logs the given message with the given level.</doc>
<arguments>
<arg>${log_message}</arg>
</arguments>
<msg timestamp="20210722 17:31:04.520" level="INFO">user name is testuser20210722173104504</msg>
[...]
</kw>
<status status="PASS" starttime="20210722 17:36:07.381" endtime="20210722 17:36:07.396"></status>
</kw>
<kw name="${elements} = &lt;selenium.webdriver.remote.webelement.WebElement (session=&quot;f631e7fdbcfbf5be2fbf990b97ffffb9&quot;, element=&quot;64013aca-a9b3-42e6-bb5e-4eea55da8704&quot;)&gt;" type="foritem">
<kw name="Get Text" library="SeleniumLibrary">
<doc>Returns the text value of the element identified by ``locator``.</doc>
<arguments>
<arg>${elements}</arg>
</arguments>
<assign>
<var>${text}</var>
</assign>
<msg timestamp="20210722 17:36:07.412" level="INFO">${text} = </msg>
<status status="PASS" starttime="20210722 17:36:07.396" endtime="20210722 17:36:07.412"></status>
</kw>
<kw name="Append To List" library="Collections">
<doc>Adds ``values`` to the end of ``list``.</doc>
<arguments>
<arg>${table_data}</arg>
<arg>${text}</arg>
</arguments>
<status status="PASS" starttime="20210722 17:36:07.412" endtime="20210722 17:36:07.412"></status>
</kw>
<status status="PASS" starttime="20210722 17:36:07.396" endtime="20210722 17:36:07.412"></status>
</kw>
<kw name="${elements} = &lt;selenium.webdriver.remote.webelement.WebElement (session=&quot;f631e7fdbcfbf5be2fbf990b97ffffb9&quot;, element=&quot;74fbed80-fc3a-4654-a637-89182a98632a&quot;)&gt;" type="foritem">
<kw name="Get Text" library="SeleniumLibrary">
<doc>Returns the text value of the element identified by ``locator``.</doc>
<arguments>
<arg>${elements}</arg>
</arguments>
<assign>
<var>${text}</var>
</assign>
<msg timestamp="20210722 17:36:07.412" level="INFO">${text} = testuser20210722173552993@seagate.com</msg>
<status status="PASS" starttime="20210722 17:36:07.412" endtime="20210722 17:36:07.412"></status>
</kw>
<kw name="Append To List" library="Collections">
<doc>Adds ``values`` to the end of ``list``.</doc>
<arguments>
<arg>${table_data}</arg>
<arg>${text}</arg>
</arguments>
<status status="PASS" starttime="20210722 17:36:07.412" endtime="20210722 17:36:07.412"></status>
</kw>
<status status="PASS" starttime="20210722 17:36:07.412" endtime="20210722 17:36:07.412"></status>
</kw>
<kw name="${elements} = &lt;selenium.webdriver.remote.webelement.WebElement (session=&quot;f631e7fdbcfbf5be2fbf990b97ffffb9&quot;, element=&quot;379c70e4-d4d6-4a8a-a63d-2cc930d75616&quot;)&gt;" type="foritem">
<kw name="Get Text" library="SeleniumLibrary">
<doc>Returns the text value of the element identified by ``locator``.</doc>
<arguments>
<arg>${elements}</arg>
</arguments>
<assign>
<var>${text}</var>
</assign>
<msg timestamp="20210722 17:36:07.427" level="INFO">${text} = manage</msg>
<status status="PASS" starttime="20210722 17:36:07.412" endtime="20210722 17:36:07.427"></status>
</kw>
<kw name="Append To List" library="Collections">
<doc>Adds ``values`` to the end of ``list``.</doc>
<arguments>
<arg>${table_data}</arg>
<arg>${text}</arg>
</arguments>
<status status="PASS" starttime="20210722 17:36:07.427" endtime="20210722 17:36:07.427"></status>
</kw>
<status status="PASS" starttime="20210722 17:36:07.412" endtime="20210722 17:36:07.427"></status>
</kw>
<kw name="${elements} = &lt;selenium.webdriver.remote.webelement.WebElement (session=&quot;f631e7fdbcfbf5be2fbf990b97ffffb9&quot;, element=&quot;351076ad-fb20-4a7a-8725-817d7162e7f0&quot;)&gt;" type="foritem">
<kw name="Get Text" library="SeleniumLibrary">
<doc>Returns the text value of the element identified by ``locator``.</doc>
<arguments>
<arg>${elements}</arg>
</arguments>
<assign>
<var>${text}</var>
</assign>
<msg timestamp="20210722 17:36:07.443" level="INFO">${text} = testuser20210722173537777</msg>
<status status="PASS" starttime="20210722 17:36:07.427" endtime="20210722 17:36:07.443"></status>
</kw>
<kw name="Append To List" library="Collections">
<doc>Adds ``values`` to the end of ``list``.</doc>
<arguments>
<arg>${table_data}</arg>
<arg>${text}</arg>
</arguments>
<status status="PASS" starttime="20210722 17:36:07.443" endtime="20210722 17:36:07.443"></status>
</kw>
<status status="PASS" starttime="20210722 17:36:07.427" endtime="20210722 17:36:07.443"></status>
</kw>
<kw name="${elements} = &lt;selenium.webdriver.remote.webelement.WebElement (session=&quot;f631e7fdbcfbf5be2fbf990b97ffffb9&quot;, element=&quot;d62fa3a4-0ce2-4ddb-ba58-f5d859cde842&quot;)&gt;" type="foritem">
<kw name="Get Text" library="SeleniumLibrary">
<doc>Returns the text value of the element identified by ``locator``.</doc>
<arguments>
<arg>${elements}</arg>
</arguments>
<assign>
<var>${text}</var>
</assign>
<msg timestamp="20210722 17:36:07.443" level="INFO">${text} = </msg>
<status status="PASS" starttime="20210722 17:36:07.443" endtime="20210722 17:36:07.459"></status>
</kw>
<kw name="Append To List" library="Collections">
<doc>Adds ``values`` to the end of ``list``.</doc>
<arguments>
<arg>${table_data}</arg>
<arg>${text}</arg>
</arguments>
<status status="PASS" starttime="20210722 17:36:07.459" endtime="20210722 17:36:07.459"></status>
</kw>
<status status="PASS" starttime="20210722 17:36:07.443" endtime="20210722 17:36:07.459"></status>
</kw>
<status status="PASS" starttime="20210722 17:36:07.256" endtime="20210722 17:36:07.459"></status>
</kw>
<kw name="Log To Console And Report" library="common">
<doc>This Keyword is for logging the same string to console and report.</doc>
<arguments>
<arg>${table_data}</arg>
</arguments>
<kw name="Log" library="BuiltIn">
<doc>Logs the given message with the given level.</doc>
<arguments>
<arg>${log_message}</arg>
</arguments>
<msg timestamp="20210722 17:36:07.459" level="INFO">['test@seagate.com', 'admin', 'admin', '', 'testuser20210722160354284@seagate.com', 'manage', 'testuser20210722160339087', '', 'testuser20210722165257522@seagate.com', 'manage', 'testuser20210722165242274', '', 'testuser20210722173552993@seagate.com', 'manage', 'testuser20210722173537777', '']</msg>
<status status="PASS" starttime="20210722 17:36:07.459" endtime="20210722 17:36:07.459"></status>
</kw>
<kw name="Log To Console" library="BuiltIn">
<doc>Logs the given message to the console.</doc>
<arguments>
<arg>${\n}${log_message}</arg>
</arguments>
<status status="PASS" starttime="20210722 17:36:07.459" endtime="20210722 17:36:07.459"></status>
</kw>
<status status="PASS" starttime="20210722 17:36:07.459" endtime="20210722 17:36:07.459"></status>
</kw>
<msg timestamp="20210722 17:36:07.459" level="INFO">${users_list} = ['test@seagate.com', 'admin', 'admin', '', 'testuser20210722160354284@seagate.com', 'manage', 'testuser20210722160339087', '', 'testuser20210722165257522@seagate.com', 'manage', 'testuser2021072216524...</msg>
<status status="PASS" starttime="20210722 17:36:05.232" endtime="20210722 17:36:07.459"></status>
</kw>
<kw name="List Should Contain Value" library="Collections">
<doc>Fails if the ``value`` is not found from ``list``.</doc>
<arguments>
<arg>${users_list}</arg>
<arg>${user_name}</arg>
</arguments>
<status status="PASS" starttime="20210722 17:36:07.459" endtime="20210722 17:36:07.459"></status>
</kw>
<status status="PASS" starttime="20210722 17:35:59.227" endtime="20210722 17:36:07.459"></status>
</kw>
<kw name="Re-login" library="loginPage">
<doc>Functionality to Logout and login again</doc>
<arguments>
<arg>${new_user_name}</arg>
<arg>${new_password}</arg>
<arg>${page_name}</arg>
</arguments>
<kw name="Run Keyword If" library="BuiltIn">
<doc>Runs the given keyword with the given arguments, if ``condition`` is true.</doc>
<arguments>
<arg>'${Logout}' == 'True'</arg>
<arg>CSM GUI Logout</arg>
</arguments>
<kw name="CSM GUI Logout" library="loginPage">
<doc>This keyword is used to logout of CSM GUI.</doc>
<kw name="Click Element" library="SeleniumLibrary">
<doc>Click the element identified by ``locator``.</doc>
<arguments>
<arg>${USER_DROPDOWN_ID}</arg>
</arguments>
<msg timestamp="20210722 17:36:07.459" level="INFO">Clicking element 'logout-icon'.</msg>
<status status="PASS" starttime="20210722 17:36:07.459" endtime="20210722 17:36:07.496"></status>
</kw>
<kw name="Wait Until Element Is Visible" library="SeleniumLibrary">
<doc>Waits until the element ``locator`` is visible.</doc>
<arguments>
<arg>${LOG_OUT_ID}</arg>
<arg>timeout=20</arg>
</arguments>
<status status="PASS" starttime="20210722 17:36:07.496" endtime="20210722 17:36:07.526"></status>
</kw>
<kw name="Click Element" library="SeleniumLibrary">
<doc>Click the element identified by ``locator``.</doc>
<arguments>
<arg>${LOG_OUT_ID}</arg>
</arguments>
<msg timestamp="20210722 17:36:07.527" level="INFO">Clicking element 'logout-link'.</msg>
<status status="PASS" starttime="20210722 17:36:07.527" endtime="20210722 17:36:07.566"></status>
</kw>
<kw name="Wait Until Element Is Visible" library="SeleniumLibrary">
<doc>Waits until the element ``locator`` is visible.</doc>
<arguments>
<arg>${CSM_USERNAME_ID}</arg>
<arg>timeout=30</arg>
</arguments>
<status status="PASS" starttime="20210722 17:36:07.574" endtime="20210722 17:36:08.664"></status>
</kw>
<status status="PASS" starttime="20210722 17:36:07.459" endtime="20210722 17:36:08.664"></status>
</kw>
<status status="PASS" starttime="20210722 17:36:07.459" endtime="20210722 17:36:08.664"></status>
</kw>
<kw name="wait for page or element to load" library="common">
<doc>This keyword is to wait for page or element to wait for provided time.</doc>
<kw name="Sleep" library="BuiltIn">
<doc>Pauses the test executed for the given time.</doc>
<arguments>
<arg>${time}</arg>
</arguments>
<msg timestamp="20210722 17:36:13.678" level="INFO">Slept 5 seconds</msg>
<status status="PASS" starttime="20210722 17:36:08.664" endtime="20210722 17:36:13.678"></status>
</kw>
<status status="PASS" starttime="20210722 17:36:08.664" endtime="20210722 17:36:13.678"></status>
</kw>
<kw name="Wait Until Element Is Visible" library="SeleniumLibrary">
<doc>Waits until the element ``locator`` is visible.</doc>
<arguments>
<arg>${csm username id}</arg>
<arg>timeout=60</arg>
</arguments>
<status status="PASS" starttime="20210722 17:36:13.678" endtime="20210722 17:36:13.709"></status>
</kw>
<kw name="Enter Username And Password" library="loginPage">
<doc>Test keyword is for entering the username and password on login form.</doc>
<arguments>
<arg>${username}</arg>
<arg>${password}</arg>
</arguments>
<kw name="Input Text" library="SeleniumLibrary">
<doc>Types the given ``text`` into the text field identified by ``locator``.</doc>
<arguments>
<arg>${csm username id}</arg>
<arg>${username}</arg>
</arguments>
<msg timestamp="20210722 17:36:13.709" level="INFO">Typing text 'testuser20210722173537777' into text field 'username'.</msg>
<status status="PASS" starttime="20210722 17:36:13.709" endtime="20210722 17:36:13.838"></status>
</kw>
<kw name="Input Password" library="SeleniumLibrary">
<doc>Types the given password into the text field identified by ``locator``.</doc>
<arguments>
<arg>${csm password id}</arg>
<arg>${password}</arg>
</arguments>
<msg timestamp="20210722 17:36:13.846" level="INFO">Typing password into text field 'password'.</msg>
<msg timestamp="20210722 17:36:13.878" level="INFO">Temporally setting log level to: NONE</msg>
<msg timestamp="20210722 17:36:13.910" level="INFO">Log level changed from NONE to INFO.</msg>
<status status="PASS" starttime="20210722 17:36:13.838" endtime="20210722 17:36:13.910"></status>
</kw>
<status status="PASS" starttime="20210722 17:36:13.709" endtime="20210722 17:36:13.910"></status>
</kw>
<kw name="Click Sigin Button" library="loginPage">
<doc>This keyword is for entering the username and password on login form.</doc>
<kw name="Wait Until Element Is Visible" library="SeleniumLibrary">
<doc>Waits until the element ``locator`` is visible.</doc>
<arguments>
<arg>${signin_button_id}</arg>
<arg>timeout=30</arg>
</arguments>
<status status="PASS" starttime="20210722 17:36:13.910" endtime="20210722 17:36:13.934"></status>
</kw>
<kw name="Click Button" library="SeleniumLibrary">
<doc>Clicks the button identified by ``locator``.</doc>
<arguments>
<arg>${signin_button_id}</arg>
</arguments>
<msg timestamp="20210722 17:36:13.934" level="INFO">Clicking button 'login-userbtn'.</msg>
<status status="PASS" starttime="20210722 17:36:13.934" endtime="20210722 17:36:13.976"></status>
</kw>
<kw name="Sleep" library="BuiltIn">
<doc>Pauses the test executed for the given time.</doc>
<arguments>
<arg>5s</arg>
</arguments>
<msg timestamp="20210722 17:36:18.978" level="INFO">Slept 5 seconds</msg>
<status status="PASS" starttime="20210722 17:36:13.976" endtime="20210722 17:36:18.978"></status>
</kw>
<status status="PASS" starttime="20210722 17:36:13.910" endtime="20210722 17:36:18.978"></status>
</kw>
<kw name="wait for page or element to load" library="common">
<doc>This keyword is to wait for page or element to wait for provided time.</doc>
<kw name="Sleep" library="BuiltIn">
<doc>Pauses the test executed for the given time.</doc>
<arguments>
<arg>${time}</arg>
</arguments>
<msg timestamp="20210722 17:36:23.982" level="INFO">Slept 5 seconds</msg>
<status status="PASS" starttime="20210722 17:36:18.978" endtime="20210722 17:36:23.982"></status>
</kw>
<status status="PASS" starttime="20210722 17:36:18.978" endtime="20210722 17:36:23.982"></status>
</kw>
<kw name="Navigate To Page" library="common">
<doc>This Keyword is for navigating to certain page</doc>
<arguments>
<arg>${page}</arg>
</arguments>
<kw name="Log To Console And Report" library="common">
<doc>This Keyword is for logging the same string to console and report.</doc>
<arguments>
<arg>Navigating to ${page_name}</arg>
</arguments>
<kw name="Log" library="BuiltIn">
<doc>Logs the given message with the given level.</doc>
<arguments>
<arg>${log_message}</arg>
</arguments>
<msg timestamp="20210722 17:36:23.982" level="INFO">Navigating to MANAGE_MENU_ID</msg>
<status status="PASS" starttime="20210722 17:36:23.982" endtime="20210722 17:36:23.982"></status>
</kw>
<kw name="Log To Console" library="BuiltIn">
<doc>Logs the given message to the console.</doc>
<arguments>
<arg>${\n}${log_message}</arg>
</arguments>
<status status="PASS" starttime="20210722 17:36:23.982" endtime="20210722 17:36:23.982"></status>
</kw>
<status status="PASS" starttime="20210722 17:36:23.982" endtime="20210722 17:36:23.982"></status>
</kw>
<kw name="Wait Until Element Is Visible" library="SeleniumLibrary">
<doc>Waits until the element ``locator`` is visible.</doc>
<arguments>
<arg>${${page_name}}</arg>
<arg>timeout=60</arg>
</arguments>
<status status="PASS" starttime="20210722 17:36:23.982" endtime="20210722 17:36:23.997"></status>
</kw>
<kw name="wait for page or element to load" library="common">
<doc>This keyword is to wait for page or element to wait for provided time.</doc>
<kw name="Sleep" library="BuiltIn">
<doc>Pauses the test executed for the given time.</doc>
<arguments>
<arg>${time}</arg>
</arguments>
<msg timestamp="20210722 17:36:29.007" level="INFO">Slept 5 seconds</msg>
<status status="PASS" starttime="20210722 17:36:23.997" endtime="20210722 17:36:29.007"></status>
</kw>
<status status="PASS" starttime="20210722 17:36:23.997" endtime="20210722 17:36:29.007"></status>
</kw>
<kw name="Click Element" library="SeleniumLibrary">
<doc>Click the element identified by ``locator``.</doc>
<arguments>
<arg>${${page_name}}</arg>
</arguments>
<msg timestamp="20210722 17:36:29.007" level="INFO">Clicking element 'Manage'.</msg>
<status status="PASS" starttime="20210722 17:36:29.007" endtime="20210722 17:36:29.119"></status>
</kw>
<kw name="wait for page or element to load" library="common">
<doc>This keyword is to wait for page or element to wait for provided time.</doc>
<kw name="Sleep" library="BuiltIn">
<doc>Pauses the test executed for the given time.</doc>
<arguments>
<arg>${time}</arg>
</arguments>
<msg timestamp="20210722 17:36:34.130" level="INFO">Slept 5 seconds</msg>
<status status="PASS" starttime="20210722 17:36:29.127" endtime="20210722 17:36:34.130"></status>
</kw>
<status status="PASS" starttime="20210722 17:36:29.119" endtime="20210722 17:36:34.130"></status>
</kw>
<kw name="Convert To Boolean" library="BuiltIn">
<doc>Converts the given item to Boolean true or false.</doc>
<arguments>
<arg>${sub_page}</arg>
</arguments>
<assign>
<var>${value}</var>
</assign>
<msg timestamp="20210722 17:36:34.130" level="INFO">${value} = False</msg>
<status status="PASS" starttime="20210722 17:36:34.130" endtime="20210722 17:36:34.130"></status>
</kw>
<kw name="Run Keyword If" library="BuiltIn">
<doc>Runs the given keyword with the given arguments, if ``condition`` is true.</doc>
<arguments>
<arg>${value}</arg>
<arg>Click Element</arg>
<arg>${${sub_page}}</arg>
</arguments>
<status status="PASS" starttime="20210722 17:36:34.130" endtime="20210722 17:36:34.130"></status>
</kw>
<status status="PASS" starttime="20210722 17:36:23.982" endtime="20210722 17:36:34.130"></status>
</kw>
<status status="PASS" starttime="20210722 17:36:07.459" endtime="20210722 17:36:34.130"></status>
</kw>
<msg timestamp="20210722 17:36:34.130" level="INFO">${new_user_name} = testuser20210722173537777</msg>
<msg timestamp="20210722 17:36:34.130" level="INFO">${new_password} = POzl23@%</msg>
<status status="PASS" starttime="20210722 17:35:37.777" endtime="20210722 17:36:34.130"></status>
</kw>
<kw name="Get Text" library="SeleniumLibrary">
<doc>Returns the text value of the element identified by ``locator``.</doc>
<arguments>
<arg>${CSM_TABLE_DROPDOWN_XPATH}</arg>
</arguments>
<assign>
<var>${text}</var>
</assign>
<msg timestamp="20210722 17:36:34.161" level="INFO">${text} = 10 rows</msg>
<status status="PASS" starttime="20210722 17:36:34.130" endtime="20210722 17:36:34.161"></status>
</kw>
<kw name="Run Keyword If" library="BuiltIn">
<doc>Runs the given keyword with the given arguments, if ``condition`` is true.</doc>
<arguments>
<arg>"${text}" == "${CSM_DROPDOWN_VALUE}"</arg>
<arg>Log to Console and Report</arg>
<arg>Default Rows are 10</arg>
</arguments>
<status status="PASS" starttime="20210722 17:36:34.161" endtime="20210722 17:36:34.161"></status>
</kw>
<kw name="Close Browser" library="SeleniumLibrary" type="teardown">
<doc>Closes the current browser.</doc>
<status status="PASS" starttime="20210722 17:36:34.161" endtime="20210722 17:36:36.593"></status>
</kw>
<doc>Test verify default number of rows to be displayed per page in administrative users CSM UI page
Reference : https://jts.seagate.com/browse/TEST-23872</doc>
<tags>
<tag>CSM_GUI</tag>
<tag>CSM_USER</tag>
<tag>Priority_High</tag>
<tag>S3_test</tag>
<tag>Smoke_test</tag>
<tag>TEST-23872</tag>
</tags>
<status status="PASS" starttime="20210722 17:35:10.369" endtime="20210722 17:36:36.593" critical="yes"></status>
</test>
<kw name="Close All Browsers" library="SeleniumLibrary" type="teardown">
<doc>Closes all open browsers and resets the browser cache.</doc>
<status status="PASS" starttime="20210722 17:36:36.593" endtime="20210722 17:36:36.593"></status>
</kw>
<doc>This suite verifies the testcases for csm user creation</doc>
<status status="PASS" starttime="20210722 17:29:20.042" endtime="20210722 17:36:36.593"></status>
</suite>
<status status="PASS" starttime="20210722 17:29:20.042" endtime="20210722 17:36:36.608"></status>
</suite>
<status status="PASS" starttime="20210722 17:29:20.018" endtime="20210722 17:36:36.608"></status>
</suite>
<statistics>
<total>
<stat pass="3" fail="0">Critical Tests</stat>
<stat pass="3" fail="0">All Tests</stat>
</total>
<tag>
<stat pass="3" fail="0">CSM_GUI</stat>
<stat pass="3" fail="0">CSM_USER</stat>
<stat pass="3" fail="0">Priority_High</stat>
<stat pass="1" fail="0">S3_test</stat>
<stat pass="1" fail="0">Smoke_test</stat>
<stat pass="1" fail="0">TEST-23872</stat>
<stat pass="1" fail="0">TEST-23888</stat>
<stat pass="1" fail="0">TEST-23889</stat>
</tag>
<suite>
<stat pass="3" fail="0" id="s1" name="Gui">Gui</stat>
<stat pass="3" fail="0" id="s1-s1" name="Csm Users">Gui.Csm Users</stat>
<stat pass="3" fail="0" id="s1-s1-s1" name="Csm Manage User">Gui.Csm Users.Csm Manage User</stat>
</suite>
</statistics>
<errors>
</errors>
</robot>
